<?xml version="1.0" encoding="UTF-8"?><bkg><owner_type>users</owner_type><package_type>container</package_type><owner_id>809839</owner_id><owner>portersrc</owner><repo>infra</repo><package>test-container</package><date>2024-10-30</date><size>2.3 kB</size><versions>19</versions><tagged>8</tagged><downloads>294</downloads><downloads_month>1</downloads_month><downloads_week>0</downloads_week><downloads_day>0</downloads_day><raw_size>2335</raw_size><raw_versions>19</raw_versions><raw_tagged>8</raw_tagged><raw_downloads>294</raw_downloads><raw_downloads_month>1</raw_downloads_month><raw_downloads_week>0</raw_downloads_week><raw_downloads_day>0</raw_downloads_day><version><id>284043254</id><name>sha256:c28992937571bc8212fa23424ae362d3a92be4cc44b71d4b282cb8d91bb3b319</name><date>2024-10-30</date><newest>false</newest><latest>false</latest><size>6.1 MB</size><downloads>2</downloads><downloads_month>2</downloads_month><downloads_week>0</downloads_week><downloads_day>0</downloads_day><raw_size>6128194</raw_size><raw_downloads>2</raw_downloads><raw_downloads_month>2</raw_downloads_month><raw_downloads_week>0</raw_downloads_week><raw_downloads_day>0</raw_downloads_day><tags></tags></version><version><id>284043283</id><name>sha256:0393cfafd955328bdec9430e2e3e738e3760c4df499cdaf0ff38ab244513d03b</name><date>2024-10-30</date><newest>false</newest><latest>false</latest><size>2.3 kB</size><downloads>0</downloads><downloads_month>0</downloads_month><downloads_week>0</downloads_week><downloads_day>0</downloads_day><raw_size>2335</raw_size><raw_downloads>0</raw_downloads><raw_downloads_month>0</raw_downloads_month><raw_downloads_week>0</raw_downloads_week><raw_downloads_day>0</raw_downloads_day><tags>sha256-c28992937571bc8212fa23424ae362d3a92be4cc44b71d4b282cb8d91bb3b319.sig</tags></version><version><id>284073188</id><name>sha256:a48a29a43904044710e7c68ce133d695a1be562c379a18a8fd2d9bc11598ce28</name><date>2024-10-30</date><newest>false</newest><latest>false</latest><size>2.3 kB</size><downloads>0</downloads><downloads_month>0</downloads_month><downloads_week>0</downloads_week><downloads_day>0</downloads_day><raw_size>2335</raw_size><raw_downloads>0</raw_downloads><raw_downloads_month>0</raw_downloads_month><raw_downloads_week>0</raw_downloads_week><raw_downloads_day>0</raw_downloads_day><tags>sha256-4918726d68692b0c8dce78698f41555221d7024d1a38efa3839225c56615bc02.sig</tags></version><version><id>284073216</id><name>sha256:217c7f7e14b19756204a6a0900dee9775a7f629388075ec02451e9d79d1ca1dc</name><date>2024-10-30</date><newest>false</newest><latest>false</latest><size>6.2 MB</size><downloads>1</downloads><downloads_month>1</downloads_month><downloads_week>0</downloads_week><downloads_day>0</downloads_day><raw_size>6257664</raw_size><raw_downloads>1</raw_downloads><raw_downloads_month>1</raw_downloads_month><raw_downloads_week>0</raw_downloads_week><raw_downloads_day>0</raw_downloads_day><tags></tags></version><version><id>284360263</id><name>sha256:95063e21fe1e74601f6af8eaa5acbcab2bf876c0c5704c4d12c35a5673ef8ae4</name><date>2024-10-30</date><newest>false</newest><latest>false</latest><size>6.2 MB</size><downloads>0</downloads><downloads_month>0</downloads_month><downloads_week>0</downloads_week><downloads_day>0</downloads_day><raw_size>6262337</raw_size><raw_downloads>0</raw_downloads><raw_downloads_month>0</raw_downloads_month><raw_downloads_week>0</raw_downloads_week><raw_downloads_day>0</raw_downloads_day><tags></tags></version><version><id>284387934</id><name>sha256:0e5f0d41b6cece855a944429eb7bf219546fe8fc74c14dfb576e2c1cf5572698</name><date>2024-10-30</date><newest>false</newest><latest>false</latest><size>6.2 MB</size><downloads>0</downloads><downloads_month>0</downloads_month><downloads_week>0</downloads_week><downloads_day>0</downloads_day><raw_size>6262336</raw_size><raw_downloads>0</raw_downloads><raw_downloads_month>0</raw_downloads_month><raw_downloads_week>0</raw_downloads_week><raw_downloads_day>0</raw_downloads_day><tags></tags></version><version><id>284398787</id><name>sha256:0548430a2d3128f34e78f2de27dbc5e6e68ef06dd1f55448ea6b0e9135f72349</name><date>2024-10-30</date><newest>false</newest><latest>false</latest><size>6.2 MB</size><downloads>0</downloads><downloads_month>0</downloads_month><downloads_week>0</downloads_week><downloads_day>0</downloads_day><raw_size>6262327</raw_size><raw_downloads>0</raw_downloads><raw_downloads_month>0</raw_downloads_month><raw_downloads_week>0</raw_downloads_week><raw_downloads_day>0</raw_downloads_day><tags></tags></version><version><id>284403435</id><name>sha256:64827426f4754dfb12f7f88a1552ba395fab0a64c8223588ce85c035aebf09be</name><date>2024-10-30</date><newest>false</newest><latest>false</latest><size>6.2 MB</size><downloads>1</downloads><downloads_month>1</downloads_month><downloads_week>0</downloads_week><downloads_day>0</downloads_day><raw_size>6257647</raw_size><raw_downloads>1</raw_downloads><raw_downloads_month>1</raw_downloads_month><raw_downloads_week>0</raw_downloads_week><raw_downloads_day>0</raw_downloads_day><tags></tags></version><version><id>284403494</id><name>sha256:c99451ef628188c276ee603a11df2a4a9dfca3a3e40f1c0f9faac76786566d85</name><date>2024-10-30</date><newest>false</newest><latest>false</latest><size>6.2 MB</size><downloads>2</downloads><downloads_month>2</downloads_month><downloads_week>0</downloads_week><downloads_day>0</downloads_day><raw_size>6262335</raw_size><raw_downloads>2</raw_downloads><raw_downloads_month>2</raw_downloads_month><raw_downloads_week>0</raw_downloads_week><raw_downloads_day>0</raw_downloads_day><tags></tags></version><version><id>284403543</id><name>sha256:edba4fb31d63d33b1cbf65358183a40e934b874f4a0cfe4b65aba48e715c8a37</name><date>2024-10-30</date><newest>false</newest><latest>false</latest><size>2.3 kB</size><downloads>0</downloads><downloads_month>0</downloads_month><downloads_week>0</downloads_week><downloads_day>0</downloads_day><raw_size>2335</raw_size><raw_downloads>0</raw_downloads><raw_downloads_month>0</raw_downloads_month><raw_downloads_week>0</raw_downloads_week><raw_downloads_day>0</raw_downloads_day><tags>sha256-c99451ef628188c276ee603a11df2a4a9dfca3a3e40f1c0f9faac76786566d85.sig</tags></version><version><id>284412588</id><name>sha256:5de3a5d1a2b90bf923002d09a26974907cfa97aeff10309f2bb857245f0d89a4</name><date>2024-10-30</date><newest>false</newest><latest>false</latest><size>6.1 MB</size><downloads>2</downloads><downloads_month>2</downloads_month><downloads_week>0</downloads_week><downloads_day>0</downloads_day><raw_size>6128196</raw_size><raw_downloads>2</raw_downloads><raw_downloads_month>2</raw_downloads_month><raw_downloads_week>0</raw_downloads_week><raw_downloads_day>0</raw_downloads_day><tags></tags></version><version><id>284412684</id><name>sha256:61be2f3f20f4f8cef5adcf7cc5c759f7d33d5edf0b9bde22f23f183e7ac94de7</name><date>2024-10-30</date><newest>false</newest><latest>false</latest><size>6.2 MB</size><downloads>0</downloads><downloads_month>0</downloads_month><downloads_week>0</downloads_week><downloads_day>0</downloads_day><raw_size>6262349</raw_size><raw_downloads>0</raw_downloads><raw_downloads_month>0</raw_downloads_month><raw_downloads_week>0</raw_downloads_week><raw_downloads_day>0</raw_downloads_day><tags></tags></version><version><id>284412706</id><name>sha256:5d6a9b6576f208e5ed87fff094035fb2bb5a2ff050aec667089b4ca9eb96400a</name><date>2024-10-30</date><newest>false</newest><latest>false</latest><size>2.3 kB</size><downloads>0</downloads><downloads_month>0</downloads_month><downloads_week>0</downloads_week><downloads_day>0</downloads_day><raw_size>2335</raw_size><raw_downloads>0</raw_downloads><raw_downloads_month>0</raw_downloads_month><raw_downloads_week>0</raw_downloads_week><raw_downloads_day>0</raw_downloads_day><tags>sha256-434f843049470d73b35051078b03b503b4a1512bba0d1e1533777f1e76129e1b.sig</tags></version><version><id>284413585</id><name>sha256:6e9e51b262b4d85eaf38d45d495aa717d3072b9a5def0f92b05ceab20b7c7ce2</name><date>2024-10-30</date><newest>false</newest><latest>false</latest><size>6.1 MB</size><downloads>2</downloads><downloads_month>2</downloads_month><downloads_week>0</downloads_week><downloads_day>0</downloads_day><raw_size>6128191</raw_size><raw_downloads>2</raw_downloads><raw_downloads_month>2</raw_downloads_month><raw_downloads_week>0</raw_downloads_week><raw_downloads_day>0</raw_downloads_day><tags></tags></version><version><id>284413610</id><name>sha256:d359f6dcfda1161881c94661db5f0ce6e5d6e0700ad98d7d509731d728a3a3ef</name><date>2024-10-30</date><newest>false</newest><latest>false</latest><size>2.3 kB</size><downloads>0</downloads><downloads_month>0</downloads_month><downloads_week>0</downloads_week><downloads_day>0</downloads_day><raw_size>2335</raw_size><raw_downloads>0</raw_downloads><raw_downloads_month>0</raw_downloads_month><raw_downloads_week>0</raw_downloads_week><raw_downloads_day>0</raw_downloads_day><tags>sha256-6e9e51b262b4d85eaf38d45d495aa717d3072b9a5def0f92b05ceab20b7c7ce2.sig</tags></version><version><id>284413654</id><name>sha256:707b7330ac05ef92697246ce2f6073b763bb1f3ffb992f7688b0f4d22becdb4d</name><date>2024-10-30</date><newest>false</newest><latest>false</latest><size>6.2 MB</size><downloads>0</downloads><downloads_month>0</downloads_month><downloads_week>0</downloads_week><downloads_day>0</downloads_day><raw_size>6262337</raw_size><raw_downloads>0</raw_downloads><raw_downloads_month>0</raw_downloads_month><raw_downloads_week>0</raw_downloads_week><raw_downloads_day>0</raw_downloads_day><tags></tags></version><version><id>284413685</id><name>sha256:1617b95cfd9b4974a8b16bca3a18c7b9a8106ced4ed86f3eefb594e27a3ba3e5</name><date>2024-10-30</date><newest>false</newest><latest>false</latest><size>2.3 kB</size><downloads>0</downloads><downloads_month>0</downloads_month><downloads_week>0</downloads_week><downloads_day>0</downloads_day><raw_size>2335</raw_size><raw_downloads>0</raw_downloads><raw_downloads_month>0</raw_downloads_month><raw_downloads_week>0</raw_downloads_week><raw_downloads_day>0</raw_downloads_day><tags>sha256-411231e1df3e8c82d8279b5e0582a8ff7493b5a678b6d32a513df2f31c405d4e.sig</tags></version><version><id>284414319</id><name>sha256:39162aa76e29302005ecf7ec1048315c8fac2869b5a7e5ea18f8ea067b0832ba</name><date>2024-10-30</date><newest>false</newest><latest>false</latest><size>6.2 MB</size><downloads>2</downloads><downloads_month>2</downloads_month><downloads_week>0</downloads_week><downloads_day>0</downloads_day><raw_size>6262351</raw_size><raw_downloads>2</raw_downloads><raw_downloads_month>2</raw_downloads_month><raw_downloads_week>0</raw_downloads_week><raw_downloads_day>0</raw_downloads_day><tags>enc-cosign-sig</tags></version><version><id>284414349</id><name>sha256:8e7ee52d1202965d194674fdb518841f7bc98e06526f94f7c081fe07d916179c</name><date>2024-10-30</date><newest>true</newest><latest>true</latest><size>2.3 kB</size><downloads>0</downloads><downloads_month>0</downloads_month><downloads_week>0</downloads_week><downloads_day>0</downloads_day><raw_size>2335</raw_size><raw_downloads>0</raw_downloads><raw_downloads_month>0</raw_downloads_month><raw_downloads_week>0</raw_downloads_week><raw_downloads_day>0</raw_downloads_day><tags>sha256-39162aa76e29302005ecf7ec1048315c8fac2869b5a7e5ea18f8ea067b0832ba.sig</tags></version></bkg>
