<?xml version="1.0" encoding="UTF-8"?><bkg><owner_type>users</owner_type><package_type>container</package_type><owner_id>809839</owner_id><owner>portersrc</owner><repo>infra</repo><package>test-container</package><date>2024-10-23</date><size>2.3 kB</size><versions>4</versions><tagged>2</tagged><downloads>294</downloads><downloads_month>2</downloads_month><downloads_week>0</downloads_week><downloads_day>0</downloads_day><raw_size>2335</raw_size><raw_versions>4</raw_versions><raw_tagged>2</raw_tagged><raw_downloads>294</raw_downloads><raw_downloads_month>2</raw_downloads_month><raw_downloads_week>0</raw_downloads_week><raw_downloads_day>0</raw_downloads_day><version><id>284043283</id><name>sha256:0393cfafd955328bdec9430e2e3e738e3760c4df499cdaf0ff38ab244513d03b</name><date>2024-10-23</date><newest>false</newest><latest>false</latest><size>2.3 kB</size><downloads>0</downloads><downloads_month>0</downloads_month><downloads_week>0</downloads_week><downloads_day>0</downloads_day><raw_size>2335</raw_size><raw_downloads>0</raw_downloads><raw_downloads_month>0</raw_downloads_month><raw_downloads_week>0</raw_downloads_week><raw_downloads_day>0</raw_downloads_day><tags>sha256-c28992937571bc8212fa23424ae362d3a92be4cc44b71d4b282cb8d91bb3b319.sig</tags></version><version><id>284049343</id><name>sha256:79b42014fc3f48b7a473e21da637d1d45277905ec1e197e8b1b7fd47cbe89f0d</name><date>2024-10-23</date><newest>false</newest><latest>false</latest><size>6.1 MB</size><downloads>2</downloads><downloads_month>2</downloads_month><downloads_week>0</downloads_week><downloads_day>0</downloads_day><raw_size>6128186</raw_size><raw_downloads>2</raw_downloads><raw_downloads_month>2</raw_downloads_month><raw_downloads_week>0</raw_downloads_week><raw_downloads_day>0</raw_downloads_day><tags></tags></version><version><id>284398967</id><name>sha256:f1937b8946daec19566c47d02a2993aaac59b54f696521bfc1500c254b15e00b</name><date>2024-10-23</date><newest>false</newest><latest>false</latest><size>6.2 MB</size><downloads>0</downloads><downloads_month>0</downloads_month><downloads_week>0</downloads_week><downloads_day>0</downloads_day><raw_size>6262327</raw_size><raw_downloads>0</raw_downloads><raw_downloads_month>0</raw_downloads_month><raw_downloads_week>0</raw_downloads_week><raw_downloads_day>0</raw_downloads_day><tags></tags></version><version><id>284414349</id><name>sha256:8e7ee52d1202965d194674fdb518841f7bc98e06526f94f7c081fe07d916179c</name><date>2024-10-23</date><newest>true</newest><latest>true</latest><size>2.3 kB</size><downloads>0</downloads><downloads_month>0</downloads_month><downloads_week>0</downloads_week><downloads_day>0</downloads_day><raw_size>2335</raw_size><raw_downloads>0</raw_downloads><raw_downloads_month>0</raw_downloads_month><raw_downloads_week>0</raw_downloads_week><raw_downloads_day>0</raw_downloads_day><tags>sha256-39162aa76e29302005ecf7ec1048315c8fac2869b5a7e5ea18f8ea067b0832ba.sig</tags></version></bkg>
