<?xml version="1.0" encoding="UTF-8"?><bkg><owner_type>users</owner_type><package_type>container</package_type><owner_id>809839</owner_id><owner>portersrc</owner><repo>infra</repo><package>test-container</package><date>2024-10-14</date><size>-1</size><versions>27</versions><tagged>7</tagged><downloads>294</downloads><downloads_month>20</downloads_month><downloads_week>0</downloads_week><downloads_day>0</downloads_day><raw_size>-1</raw_size><raw_versions>27</raw_versions><raw_tagged>7</raw_tagged><raw_downloads>294</raw_downloads><raw_downloads_month>20</raw_downloads_month><raw_downloads_week>0</raw_downloads_week><raw_downloads_day>0</raw_downloads_day><version><id>284043254</id><name>sha256:c28992937571bc8212fa23424ae362d3a92be4cc44b71d4b282cb8d91bb3b319</name><date>2024-10-14</date><newest>false</newest><latest>false</latest><size>6.1 MB</size><downloads>2</downloads><downloads_month>2</downloads_month><downloads_week>0</downloads_week><downloads_day>0</downloads_day><raw_size>6128194</raw_size><raw_downloads>2</raw_downloads><raw_downloads_month>2</raw_downloads_month><raw_downloads_week>0</raw_downloads_week><raw_downloads_day>0</raw_downloads_day><tags></tags></version><version><id>284043283</id><name>sha256:0393cfafd955328bdec9430e2e3e738e3760c4df499cdaf0ff38ab244513d03b</name><date>2024-10-14</date><newest>false</newest><latest>false</latest><size>2.3 kB</size><downloads>0</downloads><downloads_month>0</downloads_month><downloads_week>0</downloads_week><downloads_day>0</downloads_day><raw_size>2335</raw_size><raw_downloads>0</raw_downloads><raw_downloads_month>0</raw_downloads_month><raw_downloads_week>0</raw_downloads_week><raw_downloads_day>0</raw_downloads_day><tags>sha256-c28992937571bc8212fa23424ae362d3a92be4cc44b71d4b282cb8d91bb3b319.sig</tags></version><version><id>284043311</id><name>sha256:ccd739c876d831b440d64afb4e0bea65ea5d6c7a1f78a1d1ad3e020948632f1d</name><date>2024-10-14</date><newest>false</newest><latest>false</latest><size>6.2 MB</size><downloads>1</downloads><downloads_month>1</downloads_month><downloads_week>0</downloads_week><downloads_day>0</downloads_day><raw_size>6257661</raw_size><raw_downloads>1</raw_downloads><raw_downloads_month>1</raw_downloads_month><raw_downloads_week>0</raw_downloads_week><raw_downloads_day>0</raw_downloads_day><tags></tags></version><version><id>284049343</id><name>sha256:79b42014fc3f48b7a473e21da637d1d45277905ec1e197e8b1b7fd47cbe89f0d</name><date>2024-10-14</date><newest>false</newest><latest>false</latest><size>6.1 MB</size><downloads>2</downloads><downloads_month>2</downloads_month><downloads_week>0</downloads_week><downloads_day>0</downloads_day><raw_size>6128186</raw_size><raw_downloads>2</raw_downloads><raw_downloads_month>2</raw_downloads_month><raw_downloads_week>0</raw_downloads_week><raw_downloads_day>0</raw_downloads_day><tags></tags></version><version><id>284049377</id><name>sha256:f68a80dae41819f830cc79571ac13974cf4b4dce44f641682e14df41f3aa5cc3</name><date>2024-10-14</date><newest>false</newest><latest>false</latest><size>2.3 kB</size><downloads>0</downloads><downloads_month>0</downloads_month><downloads_week>0</downloads_week><downloads_day>0</downloads_day><raw_size>2335</raw_size><raw_downloads>0</raw_downloads><raw_downloads_month>0</raw_downloads_month><raw_downloads_week>0</raw_downloads_week><raw_downloads_day>0</raw_downloads_day><tags>sha256-79b42014fc3f48b7a473e21da637d1d45277905ec1e197e8b1b7fd47cbe89f0d.sig</tags></version><version><id>284073169</id><name>sha256:4918726d68692b0c8dce78698f41555221d7024d1a38efa3839225c56615bc02</name><date>2024-10-14</date><newest>false</newest><latest>false</latest><size>6.1 MB</size><downloads>2</downloads><downloads_month>2</downloads_month><downloads_week>0</downloads_week><downloads_day>0</downloads_day><raw_size>6128192</raw_size><raw_downloads>2</raw_downloads><raw_downloads_month>2</raw_downloads_month><raw_downloads_week>0</raw_downloads_week><raw_downloads_day>0</raw_downloads_day><tags></tags></version><version><id>284360224</id><name>sha256:eed32eaece9ba6dd4da9816495283e4b65db70cee8e5df8dcfe3d2263b091216</name><date>2024-10-14</date><newest>false</newest><latest>false</latest><size>6.1 MB</size><downloads>0</downloads><downloads_month>0</downloads_month><downloads_week>0</downloads_week><downloads_day>0</downloads_day><raw_size>6128190</raw_size><raw_downloads>0</raw_downloads><raw_downloads_month>0</raw_downloads_month><raw_downloads_week>0</raw_downloads_week><raw_downloads_day>0</raw_downloads_day><tags></tags></version><version><id>284360263</id><name>sha256:95063e21fe1e74601f6af8eaa5acbcab2bf876c0c5704c4d12c35a5673ef8ae4</name><date>2024-10-14</date><newest>false</newest><latest>false</latest><size>6.2 MB</size><downloads>0</downloads><downloads_month>0</downloads_month><downloads_week>0</downloads_week><downloads_day>0</downloads_day><raw_size>6262337</raw_size><raw_downloads>0</raw_downloads><raw_downloads_month>0</raw_downloads_month><raw_downloads_week>0</raw_downloads_week><raw_downloads_day>0</raw_downloads_day><tags></tags></version><version><id>284387819</id><name>sha256:f20284cc1f0fef108213d1442e297406b098d772c59746fb770f63a5e999f932</name><date>2024-10-14</date><newest>false</newest><latest>false</latest><size>6.1 MB</size><downloads>0</downloads><downloads_month>0</downloads_month><downloads_week>0</downloads_week><downloads_day>0</downloads_day><raw_size>6128183</raw_size><raw_downloads>0</raw_downloads><raw_downloads_month>0</raw_downloads_month><raw_downloads_week>0</raw_downloads_week><raw_downloads_day>0</raw_downloads_day><tags></tags></version><version><id>284394804</id><name>sha256:4f62a35ea4d134143f06561cc87c1543ef7038e905c37fc3103e1532d4366805</name><date>2024-10-14</date><newest>false</newest><latest>false</latest><size>6.2 MB</size><downloads>0</downloads><downloads_month>0</downloads_month><downloads_week>0</downloads_week><downloads_day>0</downloads_day><raw_size>6262334</raw_size><raw_downloads>0</raw_downloads><raw_downloads_month>0</raw_downloads_month><raw_downloads_week>0</raw_downloads_week><raw_downloads_day>0</raw_downloads_day><tags></tags></version><version><id>284397975</id><name>sha256:19941fd37164f446dc876a4466ba02e06167f48d5f2fffbc8e37fc7c59d94f22</name><date>2024-10-14</date><newest>false</newest><latest>false</latest><size>6.2 MB</size><downloads>1</downloads><downloads_month>1</downloads_month><downloads_week>0</downloads_week><downloads_day>0</downloads_day><raw_size>6257639</raw_size><raw_downloads>1</raw_downloads><raw_downloads_month>1</raw_downloads_month><raw_downloads_week>0</raw_downloads_week><raw_downloads_day>0</raw_downloads_day><tags></tags></version><version><id>284398787</id><name>sha256:0548430a2d3128f34e78f2de27dbc5e6e68ef06dd1f55448ea6b0e9135f72349</name><date>2024-10-14</date><newest>false</newest><latest>false</latest><size>6.2 MB</size><downloads>0</downloads><downloads_month>0</downloads_month><downloads_week>0</downloads_week><downloads_day>0</downloads_day><raw_size>6262327</raw_size><raw_downloads>0</raw_downloads><raw_downloads_month>0</raw_downloads_month><raw_downloads_week>0</raw_downloads_week><raw_downloads_day>0</raw_downloads_day><tags></tags></version><version><id>284398967</id><name>sha256:f1937b8946daec19566c47d02a2993aaac59b54f696521bfc1500c254b15e00b</name><date>2024-10-14</date><newest>false</newest><latest>false</latest><size>6.2 MB</size><downloads>0</downloads><downloads_month>0</downloads_month><downloads_week>0</downloads_week><downloads_day>0</downloads_day><raw_size>6262327</raw_size><raw_downloads>0</raw_downloads><raw_downloads_month>0</raw_downloads_month><raw_downloads_week>0</raw_downloads_week><raw_downloads_day>0</raw_downloads_day><tags></tags></version><version><id>284403322</id><name>sha256:675605ed8027ab07418b8be8016795868d0e5caf9f1ffc8def20c01e7ad530f8</name><date>2024-10-14</date><newest>false</newest><latest>false</latest><size>6.1 MB</size><downloads>2</downloads><downloads_month>2</downloads_month><downloads_week>0</downloads_week><downloads_day>0</downloads_day><raw_size>6128186</raw_size><raw_downloads>2</raw_downloads><raw_downloads_month>2</raw_downloads_month><raw_downloads_week>0</raw_downloads_week><raw_downloads_day>0</raw_downloads_day><tags></tags></version><version><id>284403435</id><name>sha256:64827426f4754dfb12f7f88a1552ba395fab0a64c8223588ce85c035aebf09be</name><date>2024-10-14</date><newest>false</newest><latest>false</latest><size>6.2 MB</size><downloads>1</downloads><downloads_month>1</downloads_month><downloads_week>0</downloads_week><downloads_day>0</downloads_day><raw_size>6257647</raw_size><raw_downloads>1</raw_downloads><raw_downloads_month>1</raw_downloads_month><raw_downloads_week>0</raw_downloads_week><raw_downloads_day>0</raw_downloads_day><tags></tags></version><version><id>284403494</id><name>sha256:c99451ef628188c276ee603a11df2a4a9dfca3a3e40f1c0f9faac76786566d85</name><date>2024-10-14</date><newest>false</newest><latest>false</latest><size>6.2 MB</size><downloads>2</downloads><downloads_month>2</downloads_month><downloads_week>0</downloads_week><downloads_day>0</downloads_day><raw_size>6262335</raw_size><raw_downloads>2</raw_downloads><raw_downloads_month>2</raw_downloads_month><raw_downloads_week>0</raw_downloads_week><raw_downloads_day>0</raw_downloads_day><tags></tags></version><version><id>284412684</id><name>sha256:61be2f3f20f4f8cef5adcf7cc5c759f7d33d5edf0b9bde22f23f183e7ac94de7</name><date>2024-10-14</date><newest>false</newest><latest>false</latest><size>6.2 MB</size><downloads>0</downloads><downloads_month>0</downloads_month><downloads_week>0</downloads_week><downloads_day>0</downloads_day><raw_size>6262349</raw_size><raw_downloads>0</raw_downloads><raw_downloads_month>0</raw_downloads_month><raw_downloads_week>0</raw_downloads_week><raw_downloads_day>0</raw_downloads_day><tags></tags></version><version><id>284412693</id><name>sha256:434f843049470d73b35051078b03b503b4a1512bba0d1e1533777f1e76129e1b</name><date>2024-10-14</date><newest>false</newest><latest>false</latest><size>6.2 MB</size><downloads>2</downloads><downloads_month>2</downloads_month><downloads_week>0</downloads_week><downloads_day>0</downloads_day><raw_size>6262349</raw_size><raw_downloads>2</raw_downloads><raw_downloads_month>2</raw_downloads_month><raw_downloads_week>0</raw_downloads_week><raw_downloads_day>0</raw_downloads_day><tags></tags></version><version><id>284412706</id><name>sha256:5d6a9b6576f208e5ed87fff094035fb2bb5a2ff050aec667089b4ca9eb96400a</name><date>2024-10-14</date><newest>false</newest><latest>false</latest><size>2.3 kB</size><downloads>0</downloads><downloads_month>0</downloads_month><downloads_week>0</downloads_week><downloads_day>0</downloads_day><raw_size>2335</raw_size><raw_downloads>0</raw_downloads><raw_downloads_month>0</raw_downloads_month><raw_downloads_week>0</raw_downloads_week><raw_downloads_day>0</raw_downloads_day><tags>sha256-434f843049470d73b35051078b03b503b4a1512bba0d1e1533777f1e76129e1b.sig</tags></version><version><id>284412720</id><name>sha256:85f1d385ad8f349673a9a8d84109caff56ca4fc03ac4909bb2eb4ed553a0eddc</name><date>2024-10-14</date><newest>false</newest><latest>false</latest><size>6.2 MB</size><downloads>0</downloads><downloads_month>0</downloads_month><downloads_week>0</downloads_week><downloads_day>0</downloads_day><raw_size>6262349</raw_size><raw_downloads>0</raw_downloads><raw_downloads_month>0</raw_downloads_month><raw_downloads_week>0</raw_downloads_week><raw_downloads_day>0</raw_downloads_day><tags></tags></version><version><id>284413610</id><name>sha256:d359f6dcfda1161881c94661db5f0ce6e5d6e0700ad98d7d509731d728a3a3ef</name><date>2024-10-14</date><newest>false</newest><latest>false</latest><size>2.3 kB</size><downloads>0</downloads><downloads_month>0</downloads_month><downloads_week>0</downloads_week><downloads_day>0</downloads_day><raw_size>2335</raw_size><raw_downloads>0</raw_downloads><raw_downloads_month>0</raw_downloads_month><raw_downloads_week>0</raw_downloads_week><raw_downloads_day>0</raw_downloads_day><tags>sha256-6e9e51b262b4d85eaf38d45d495aa717d3072b9a5def0f92b05ceab20b7c7ce2.sig</tags></version><version><id>284413636</id><name>sha256:08dc12d8177b677e27a5dcc66214aa7876486bbadd861f0fd08c14d4796d7d83</name><date>2024-10-14</date><newest>false</newest><latest>false</latest><size>6.2 MB</size><downloads>1</downloads><downloads_month>1</downloads_month><downloads_week>0</downloads_week><downloads_day>0</downloads_day><raw_size>6257649</raw_size><raw_downloads>1</raw_downloads><raw_downloads_month>1</raw_downloads_month><raw_downloads_week>0</raw_downloads_week><raw_downloads_day>0</raw_downloads_day><tags></tags></version><version><id>284413667</id><name>sha256:411231e1df3e8c82d8279b5e0582a8ff7493b5a678b6d32a513df2f31c405d4e</name><date>2024-10-14</date><newest>false</newest><latest>false</latest><size>6.2 MB</size><downloads>2</downloads><downloads_month>2</downloads_month><downloads_week>0</downloads_week><downloads_day>0</downloads_day><raw_size>6262337</raw_size><raw_downloads>2</raw_downloads><raw_downloads_month>2</raw_downloads_month><raw_downloads_week>0</raw_downloads_week><raw_downloads_day>0</raw_downloads_day><tags></tags></version><version><id>284413710</id><name>sha256:9db66c0b05fc1b266c58e338edf31ecacfa767e72d5c9664d9709d6f530a1e99</name><date>2024-10-14</date><newest>false</newest><latest>false</latest><size>6.2 MB</size><downloads>0</downloads><downloads_month>0</downloads_month><downloads_week>0</downloads_week><downloads_day>0</downloads_day><raw_size>6262337</raw_size><raw_downloads>0</raw_downloads><raw_downloads_month>0</raw_downloads_month><raw_downloads_week>0</raw_downloads_week><raw_downloads_day>0</raw_downloads_day><tags></tags></version><version><id>284414308</id><name>sha256:258a43c2ffdff4cad1848eba45e495ca45860b619721af40d3860d686b487705</name><date>2024-10-14</date><newest>false</newest><latest>false</latest><size>6.2 MB</size><downloads>0</downloads><downloads_month>0</downloads_month><downloads_week>0</downloads_week><downloads_day>0</downloads_day><raw_size>6262351</raw_size><raw_downloads>0</raw_downloads><raw_downloads_month>0</raw_downloads_month><raw_downloads_week>0</raw_downloads_week><raw_downloads_day>0</raw_downloads_day><tags>enc-unsig</tags></version><version><id>284414319</id><name>sha256:39162aa76e29302005ecf7ec1048315c8fac2869b5a7e5ea18f8ea067b0832ba</name><date>2024-10-14</date><newest>false</newest><latest>false</latest><size>6.2 MB</size><downloads>2</downloads><downloads_month>2</downloads_month><downloads_week>0</downloads_week><downloads_day>0</downloads_day><raw_size>6262351</raw_size><raw_downloads>2</raw_downloads><raw_downloads_month>2</raw_downloads_month><raw_downloads_week>0</raw_downloads_week><raw_downloads_day>0</raw_downloads_day><tags>enc-cosign-sig</tags></version><version><id>284414349</id><name>sha256:8e7ee52d1202965d194674fdb518841f7bc98e06526f94f7c081fe07d916179c</name><date>2024-10-14</date><newest>true</newest><latest>true</latest><size>2.3 kB</size><downloads>0</downloads><downloads_month>0</downloads_month><downloads_week>0</downloads_week><downloads_day>0</downloads_day><raw_size>2335</raw_size><raw_downloads>0</raw_downloads><raw_downloads_month>0</raw_downloads_month><raw_downloads_week>0</raw_downloads_week><raw_downloads_day>0</raw_downloads_day><tags>sha256-39162aa76e29302005ecf7ec1048315c8fac2869b5a7e5ea18f8ea067b0832ba.sig</tags></version></bkg>
