<?xml version="1.0" encoding="UTF-8"?><bkg><owner_type>users</owner_type><package_type>container</package_type><owner_id>809839</owner_id><owner>portersrc</owner><repo>infra</repo><package>test-container</package><date>2024-10-07</date><size>2.3 kB</size><versions>1</versions><tagged>1</tagged><downloads>294</downloads><downloads_month>0</downloads_month><downloads_week>0</downloads_week><downloads_day>0</downloads_day><raw_size>2335</raw_size><raw_versions>1</raw_versions><raw_tagged>1</raw_tagged><raw_downloads>294</raw_downloads><raw_downloads_month>0</raw_downloads_month><raw_downloads_week>0</raw_downloads_week><raw_downloads_day>0</raw_downloads_day><version><id>284414349</id><name>sha256:8e7ee52d1202965d194674fdb518841f7bc98e06526f94f7c081fe07d916179c</name><date>2024-10-07</date><newest>true</newest><latest>true</latest><size>2.3 kB</size><downloads>0</downloads><downloads_month>0</downloads_month><downloads_week>0</downloads_week><downloads_day>0</downloads_day><raw_size>2335</raw_size><raw_downloads>0</raw_downloads><raw_downloads_month>0</raw_downloads_month><raw_downloads_week>0</raw_downloads_week><raw_downloads_day>0</raw_downloads_day><tags>sha256-39162aa76e29302005ecf7ec1048315c8fac2869b5a7e5ea18f8ea067b0832ba.sig</tags></version></bkg>
