<?xml version="1.0" encoding="UTF-8"?><bkg><owner_type>users</owner_type><package_type>container</package_type><owner_id>6759608</owner_id><owner>BbolroC</owner><repo>coco-infra</repo><package>test-container-image-rs</package><date>2024-11-28</date><size>1.9 MB</size><versions>1</versions><tagged>1</tagged><downloads>1</downloads><downloads_month>1</downloads_month><downloads_week>0</downloads_week><downloads_day>0</downloads_day><raw_size>1928640</raw_size><raw_versions>1</raw_versions><raw_tagged>1</raw_tagged><raw_downloads>1</raw_downloads><raw_downloads_month>1</raw_downloads_month><raw_downloads_week>0</raw_downloads_week><raw_downloads_day>0</raw_downloads_day><version><id>298249915</id><name>sha256:60896afbea3f2dec33d003d1583b0e4461714cd13f1ce1f79268a6646003754d</name><date>2024-11-28</date><newest>true</newest><latest>true</latest><size>1.9 MB</size><downloads>1</downloads><downloads_month>1</downloads_month><downloads_week>0</downloads_week><downloads_day>0</downloads_day><raw_size>1928640</raw_size><raw_downloads>1</raw_downloads><raw_downloads_month>1</raw_downloads_month><raw_downloads_week>0</raw_downloads_week><raw_downloads_day>0</raw_downloads_day><tags>busybox-s390x</tags></version></bkg>
