<?xml version="1.0" encoding="UTF-8"?><xml><owner_type>users</owner_type><package_type>container</package_type><owner_id>6759608</owner_id><owner>BbolroC</owner><repo>coco-infra</repo><package>test-container</package><date>2024-12-06</date><size>6.2 MB</size><versions>6</versions><tagged>3</tagged><downloads>48</downloads><downloads_month>5</downloads_month><downloads_week>0</downloads_week><downloads_day>0</downloads_day><raw_size>6262344</raw_size><raw_versions>6</raw_versions><raw_tagged>3</raw_tagged><raw_downloads>48</raw_downloads><raw_downloads_month>5</raw_downloads_month><raw_downloads_week>0</raw_downloads_week><raw_downloads_day>0</raw_downloads_day><version><id>298247432</id><name>sha256:e85d5d9511f498880e31ac8d3862d3d1ac9137ddc5ece1936a5ca59821016d89</name><date>2024-12-06</date><newest>false</newest><latest>false</latest><size>6.2 MB</size><downloads>0</downloads><downloads_month>0</downloads_month><downloads_week>0</downloads_week><downloads_day>0</downloads_day><raw_size>6257635</raw_size><raw_downloads>0</raw_downloads><raw_downloads_month>0</raw_downloads_month><raw_downloads_week>0</raw_downloads_week><raw_downloads_day>0</raw_downloads_day></version><version><id>298271237</id><name>sha256:85a7ba914603a78c667fe3fea7916e75b13721d4e5a5c8afd4256011a6415d72</name><date>2024-12-06</date><newest>false</newest><latest>false</latest><size>6.1 MB</size><downloads>2</downloads><downloads_month>0</downloads_month><downloads_week>0</downloads_week><downloads_day>0</downloads_day><raw_size>6128197</raw_size><raw_downloads>2</raw_downloads><raw_downloads_month>0</raw_downloads_month><raw_downloads_week>0</raw_downloads_week><raw_downloads_day>0</raw_downloads_day></version><version><id>298277074</id><name>sha256:03b69c2bba6059de1d601ce2e3944b92d4ad166798af0ab2bd4cb6a0949d4898</name><date>2024-12-06</date><newest>false</newest><latest>false</latest><size>5.4 MB</size><downloads>0</downloads><downloads_month>0</downloads_month><downloads_week>0</downloads_week><downloads_day>0</downloads_day><raw_size>5492820</raw_size><raw_downloads>0</raw_downloads><raw_downloads_month>0</raw_downloads_month><raw_downloads_week>0</raw_downloads_week><raw_downloads_day>0</raw_downloads_day></version><version><id>298278734</id><name>sha256:1b77245992a595c704618fa1fc6d3246f14056590bd1edaa98332c749b8681a6</name><date>2024-12-06</date><newest>false</newest><latest>false</latest><size>6.1 MB</size><downloads>5</downloads><downloads_month>3</downloads_month><downloads_week>0</downloads_week><downloads_day>0</downloads_day><raw_size>6128185</raw_size><raw_downloads>5</raw_downloads><raw_downloads_month>3</raw_downloads_month><raw_downloads_week>0</raw_downloads_week><raw_downloads_day>0</raw_downloads_day><tags>unencrypted</tags><tags>cosign-sig</tags><tags>unsig</tags></version><version><id>298278803</id><name>sha256:3713e46fa5cb1dd27eb0487d5d357077dd1703f4b51672f9ad3d06e0a101c69c</name><date>2024-12-06</date><newest>false</newest><latest>false</latest><size>2.3 kB</size><downloads>0</downloads><downloads_month>0</downloads_month><downloads_week>0</downloads_week><downloads_day>0</downloads_day><raw_size>2333</raw_size><raw_downloads>0</raw_downloads><raw_downloads_month>0</raw_downloads_month><raw_downloads_week>0</raw_downloads_week><raw_downloads_day>0</raw_downloads_day><tags>sha256-1b77245992a595c704618fa1fc6d3246f14056590bd1edaa98332c749b8681a6.sig</tags></version><version><id>298278905</id><name>sha256:fb5372f9c6638f52e94bb4dd6cee3241d14a163475180e5838579d51f93c5e65</name><date>2024-12-06</date><newest>true</newest><latest>true</latest><size>6.2 MB</size><downloads>2</downloads><downloads_month>2</downloads_month><downloads_week>0</downloads_week><downloads_day>0</downloads_day><raw_size>6262344</raw_size><raw_downloads>2</raw_downloads><raw_downloads_month>2</raw_downloads_month><raw_downloads_week>0</raw_downloads_week><raw_downloads_day>0</raw_downloads_day><tags>encrypted</tags></version></xml>
