<?xml version="1.0" encoding="UTF-8"?><bkg><owner_type>users</owner_type><package_type>container</package_type><owner_id>9874445</owner_id><owner>bfjelds</owner><repo>test-packages-as-container-repo</repo><package>test-packages-as-container-repo%2Ftest</package><date>2024-10-23</date><size>22.7 MB</size><versions>1</versions><tagged>1</tagged><downloads>523</downloads><downloads_month>1</downloads_month><downloads_week>0</downloads_week><downloads_day>0</downloads_day><raw_size>22703239</raw_size><raw_versions>1</raw_versions><raw_tagged>1</raw_tagged><raw_downloads>523</raw_downloads><raw_downloads_month>1</raw_downloads_month><raw_downloads_week>0</raw_downloads_week><raw_downloads_day>0</raw_downloads_day><version><id>5602383</id><name>sha256:6237fd8d18e2e2506ef73503f6d42ad1668eaf213f679ccce9d3f69bc6ca1d30</name><date>2024-10-23</date><newest>true</newest><latest>true</latest><size>22.7 MB</size><downloads>172</downloads><downloads_month>1</downloads_month><downloads_week>0</downloads_week><downloads_day>0</downloads_day><raw_size>22703239</raw_size><raw_downloads>172</raw_downloads><raw_downloads_month>1</raw_downloads_month><raw_downloads_week>0</raw_downloads_week><raw_downloads_day>0</raw_downloads_day><tags>v0.1.0-arm32v7</tags></version></bkg>
