<?xml version="1.0" encoding="UTF-8"?><bkg><owner_type>users</owner_type><package_type>container</package_type><owner_id>133175</owner_id><owner>hwinther</owner><repo>test</repo><package>test-rover</package><date>2024-10-21</date><size>710.7 MB</size><versions>1</versions><tagged>1</tagged><downloads>8</downloads><downloads_month>-1</downloads_month><downloads_week>-1</downloads_week><downloads_day>-1</downloads_day><raw_size>710766944</raw_size><raw_versions>1</raw_versions><raw_tagged>1</raw_tagged><raw_downloads>8</raw_downloads><raw_downloads_month>-1</raw_downloads_month><raw_downloads_week>-1</raw_downloads_week><raw_downloads_day>-1</raw_downloads_day><version><id>-1</id><name>latest</name><date>2024-10-21</date><newest>true</newest><latest>true</latest><size>710.7 MB</size><downloads>8</downloads><downloads_month>-1</downloads_month><downloads_week>-1</downloads_week><downloads_day>-1</downloads_day><raw_size>710766944</raw_size><raw_downloads>8</raw_downloads><raw_downloads_month>-1</raw_downloads_month><raw_downloads_week>-1</raw_downloads_week><raw_downloads_day>-1</raw_downloads_day><tags></tags></version></bkg>
