<?xml version="1.0" encoding="UTF-8"?><bkg><owner_type>users</owner_type><package_type>container</package_type><owner_id>24955913</owner_id><owner>samruddhikhandale</owner><repo>test-legacyIds</repo><package>test-legacyids%2Fnew-color</package><date>2024-11-01</date><size>-1</size><versions>2</versions><tagged>2</tagged><downloads>1.8k</downloads><downloads_month>0</downloads_month><downloads_week>0</downloads_week><downloads_day>0</downloads_day><raw_size>-1</raw_size><raw_versions>2</raw_versions><raw_tagged>2</raw_tagged><raw_downloads>1837</raw_downloads><raw_downloads_month>0</raw_downloads_month><raw_downloads_week>0</raw_downloads_week><raw_downloads_day>0</raw_downloads_day><version><id>60089648</id><name>sha256:50da63e253e694b3c8b8bbadd4b5806312c048c980387620071444b80a215b04</name><date>2024-11-01</date><newest>false</newest><latest>false</latest><size>-1</size><downloads>612</downloads><downloads_month>0</downloads_month><downloads_week>0</downloads_week><downloads_day>0</downloads_day><raw_size>-1</raw_size><raw_downloads>612</raw_downloads><raw_downloads_month>0</raw_downloads_month><raw_downloads_week>0</raw_downloads_week><raw_downloads_day>0</raw_downloads_day><tags>1.0.10</tags><tags>latest</tags><tags>1.0</tags><tags>1</tags></version><version><id>60090379</id><name>sha256:6865c9792cf8eec7716ede94d72c22f840343d6a54902115aa7faa60b5e6003e</name><date>2024-11-01</date><newest>true</newest><latest>false</latest><size>-1</size><downloads>152</downloads><downloads_month>0</downloads_month><downloads_week>0</downloads_week><downloads_day>0</downloads_day><raw_size>-1</raw_size><raw_downloads>152</raw_downloads><raw_downloads_month>0</raw_downloads_month><raw_downloads_week>0</raw_downloads_week><raw_downloads_day>0</raw_downloads_day><tags>1.0.3</tags></version></bkg>
