<?xml version="1.0" encoding="UTF-8"?><bkg><owner_type>users</owner_type><package_type>container</package_type><owner_id>6759608</owner_id><owner>BbolroC</owner><repo>kata-containers</repo><package>test-images</package><date>2024-12-01</date><size>-1</size><versions>4</versions><tagged>0</tagged><downloads>384</downloads><downloads_month>0</downloads_month><downloads_week>0</downloads_week><downloads_day>0</downloads_day><raw_size>-1</raw_size><raw_versions>4</raw_versions><raw_tagged>0</raw_tagged><raw_downloads>384</raw_downloads><raw_downloads_month>0</raw_downloads_month><raw_downloads_week>0</raw_downloads_week><raw_downloads_day>0</raw_downloads_day><version><id>127544339</id><name>sha256:9533df15969413ea32f01c13665ec2d242208be1d37044696ba43fb51c4a49a8</name><date>2024-12-01</date><newest>false</newest><latest>false</latest><size>12 kB</size><downloads>4</downloads><downloads_month>0</downloads_month><downloads_week>0</downloads_week><downloads_day>0</downloads_day><raw_size>12092</raw_size><raw_downloads>4</raw_downloads><raw_downloads_month>0</raw_downloads_month><raw_downloads_week>0</raw_downloads_week><raw_downloads_day>0</raw_downloads_day></version><version><id>127552834</id><name>sha256:1b790de8f0a3d67999d6bf64f7bbabd6162fef6152aa652d5a511ae25fd73769</name><date>2024-12-01</date><newest>false</newest><latest>false</latest><size>12.1 kB</size><downloads>4</downloads><downloads_month>0</downloads_month><downloads_week>0</downloads_week><downloads_day>0</downloads_day><raw_size>12108</raw_size><raw_downloads>4</raw_downloads><raw_downloads_month>0</raw_downloads_month><raw_downloads_week>0</raw_downloads_week><raw_downloads_day>0</raw_downloads_day></version><version><id>147374602</id><name>sha256:09d7c96a1667bf50b4949455ccd4cf8f84949eecc7cd8866b5b2859fadd3fbfc</name><date>2024-12-01</date><newest>false</newest><latest>false</latest><size>5.7 MB</size><downloads>4</downloads><downloads_month>0</downloads_month><downloads_week>0</downloads_week><downloads_day>0</downloads_day><raw_size>5797179</raw_size><raw_downloads>4</raw_downloads><raw_downloads_month>0</raw_downloads_month><raw_downloads_week>0</raw_downloads_week><raw_downloads_day>0</raw_downloads_day></version><version><id>148378064</id><name>sha256:1c4610c53701572c3fa775362dd4625745507382682df506f5a63a8fbb539cc3</name><date>2024-12-01</date><newest>true</newest><latest>false</latest><size>-1</size><downloads>8</downloads><downloads_month>0</downloads_month><downloads_week>0</downloads_week><downloads_day>0</downloads_day><raw_size>-1</raw_size><raw_downloads>8</raw_downloads><raw_downloads_month>0</raw_downloads_month><raw_downloads_week>0</raw_downloads_week><raw_downloads_day>0</raw_downloads_day></version></bkg>
