<?xml version="1.0" encoding="UTF-8"?><bkg><owner_type>users</owner_type><package_type>container</package_type><owner_id>6759608</owner_id><owner>BbolroC</owner><repo>kata-containers</repo><package>test-images</package><date>2024-11-10</date><size>-1</size><versions>2</versions><tagged>0</tagged><downloads>382</downloads><downloads_month>-1</downloads_month><downloads_week>-1</downloads_week><downloads_day>-1</downloads_day><raw_size>-1</raw_size><raw_versions>2</raw_versions><raw_tagged>0</raw_tagged><raw_downloads>382</raw_downloads><raw_downloads_month>-1</raw_downloads_month><raw_downloads_week>-1</raw_downloads_week><raw_downloads_day>-1</raw_downloads_day><version><id>127573632</id><name>sha256:0132f13f40ed2030ad7c00f9d4d2ce9a44bfdbba2685fa7b7ac0e8f490cbb168</name><date>2024-11-10</date><newest>false</newest><latest>false</latest><size>5.7 MB</size><downloads>4</downloads><downloads_month>1</downloads_month><downloads_week>0</downloads_week><downloads_day>0</downloads_day><raw_size>5775714</raw_size><raw_downloads>4</raw_downloads><raw_downloads_month>1</raw_downloads_month><raw_downloads_week>0</raw_downloads_week><raw_downloads_day>0</raw_downloads_day></version><version><id>147163586</id><name>sha256:1e539508165a2efbfbe7d7aec501b7d379cab37bf407bfa5d0be5d1f5581ceb9</name><date>2024-11-10</date><newest>true</newest><latest>false</latest><size>-1</size><downloads>8</downloads><downloads_month>2</downloads_month><downloads_week>0</downloads_week><downloads_day>0</downloads_day><raw_size>-1</raw_size><raw_downloads>8</raw_downloads><raw_downloads_month>2</raw_downloads_month><raw_downloads_week>0</raw_downloads_week><raw_downloads_day>0</raw_downloads_day></version></bkg>
