<?xml version="1.0" encoding="UTF-8"?><bkg><owner_type>users</owner_type><package_type>container</package_type><owner_id>6759608</owner_id><owner>BbolroC</owner><repo>kata-containers</repo><package>test-images</package><date>2024-11-19</date><size>5.7 MB</size><versions>1</versions><tagged>0</tagged><downloads>382</downloads><downloads_month>0</downloads_month><downloads_week>0</downloads_week><downloads_day>0</downloads_day><raw_size>5775729</raw_size><raw_versions>1</raw_versions><raw_tagged>0</raw_tagged><raw_downloads>382</raw_downloads><raw_downloads_month>0</raw_downloads_month><raw_downloads_week>0</raw_downloads_week><raw_downloads_day>0</raw_downloads_day><version><id>127544335</id><name>sha256:1cd94ff73cdb62452bdc85dc5c2c0aef278f4f4d2b3a189df64a66ab99284141</name><date>2024-11-19</date><newest>true</newest><latest>false</latest><size>5.7 MB</size><downloads>4</downloads><downloads_month>0</downloads_month><downloads_week>0</downloads_week><downloads_day>0</downloads_day><raw_size>5775729</raw_size><raw_downloads>4</raw_downloads><raw_downloads_month>0</raw_downloads_month><raw_downloads_week>0</raw_downloads_week><raw_downloads_day>0</raw_downloads_day></version></bkg>
