<?xml version="1.0" encoding="UTF-8"?><bkg><owner_type>users</owner_type><package_type>container</package_type><owner_id>6759608</owner_id><owner>BbolroC</owner><repo>kata-containers</repo><package>test-images</package><date>2024-11-19</date><size>5.7 MB</size><versions>3</versions><tagged>0</tagged><downloads>382</downloads><downloads_month>0</downloads_month><downloads_week>0</downloads_week><downloads_day>0</downloads_day><raw_size>5797187</raw_size><raw_versions>3</raw_versions><raw_tagged>0</raw_tagged><raw_downloads>382</raw_downloads><raw_downloads_month>0</raw_downloads_month><raw_downloads_week>0</raw_downloads_week><raw_downloads_day>0</raw_downloads_day><version><id>127573627</id><name>sha256:b5606887e6e8999839b21fa5fbf45ea30936d002d6cb1c0564a25a75f33ad367</name><date>2024-11-19</date><newest>false</newest><latest>false</latest><size>6.6 MB</size><downloads>5</downloads><downloads_month>0</downloads_month><downloads_week>0</downloads_week><downloads_day>0</downloads_day><raw_size>6624232</raw_size><raw_downloads>5</raw_downloads><raw_downloads_month>0</raw_downloads_month><raw_downloads_week>0</raw_downloads_week><raw_downloads_day>0</raw_downloads_day></version><version><id>145493106</id><name>sha256:39bf0e3bab6b47aee7441187755a5f9088b5f65c8d11ffbfc5bd536dc7561662</name><date>2024-11-19</date><newest>false</newest><latest>false</latest><size>-1</size><downloads>12</downloads><downloads_month>0</downloads_month><downloads_week>0</downloads_week><downloads_day>0</downloads_day><raw_size>-1</raw_size><raw_downloads>12</raw_downloads><raw_downloads_month>0</raw_downloads_month><raw_downloads_week>0</raw_downloads_week><raw_downloads_day>0</raw_downloads_day></version><version><id>147163575</id><name>sha256:2e75be667a8a3a7852643337068164acf16da4e274246b4ae3543378d30568a6</name><date>2024-11-19</date><newest>true</newest><latest>false</latest><size>5.7 MB</size><downloads>4</downloads><downloads_month>0</downloads_month><downloads_week>0</downloads_week><downloads_day>0</downloads_day><raw_size>5797187</raw_size><raw_downloads>4</raw_downloads><raw_downloads_month>0</raw_downloads_month><raw_downloads_week>0</raw_downloads_week><raw_downloads_day>0</raw_downloads_day></version></bkg>
