<?xml version="1.0" encoding="UTF-8"?><bkg><owner_type>users</owner_type><package_type>container</package_type><owner_id>1810547</owner_id><owner>eddumelendez</owner><repo>test-devcontainer</repo><package>test-devcontainer</package><date>2024-11-21</date><size>1.2 kB</size><versions>1</versions><tagged>0</tagged><downloads>117</downloads><downloads_month>0</downloads_month><downloads_week>0</downloads_week><downloads_day>0</downloads_day><raw_size>1248</raw_size><raw_versions>1</raw_versions><raw_tagged>0</raw_tagged><raw_downloads>117</raw_downloads><raw_downloads_month>0</raw_downloads_month><raw_downloads_week>0</raw_downloads_week><raw_downloads_day>0</raw_downloads_day><version><id>128132421</id><name>sha256:7dc6e7883dc670d206731e850b8a5bb74439c5071687f7f0907622e35e3af1c2</name><date>2024-11-21</date><newest>true</newest><latest>false</latest><size>1.2 kB</size><downloads>0</downloads><downloads_month>0</downloads_month><downloads_week>0</downloads_week><downloads_day>0</downloads_day><raw_size>1248</raw_size><raw_downloads>0</raw_downloads><raw_downloads_month>0</raw_downloads_month><raw_downloads_week>0</raw_downloads_week><raw_downloads_day>0</raw_downloads_day></version></bkg>
