<?xml version="1.0" encoding="UTF-8"?><bkg><owner_type>users</owner_type><package_type>container</package_type><owner_id>1810547</owner_id><owner>eddumelendez</owner><repo>test-devcontainer</repo><package>test-devcontainer</package><date>2024-10-08</date><size>1.2 kB</size><versions>2</versions><tagged>0</tagged><downloads>114</downloads><downloads_month>0</downloads_month><downloads_week>0</downloads_week><downloads_day>0</downloads_day><raw_size>1246</raw_size><raw_versions>2</raw_versions><raw_tagged>0</raw_tagged><raw_downloads>114</raw_downloads><raw_downloads_month>0</raw_downloads_month><raw_downloads_week>0</raw_downloads_week><raw_downloads_day>0</raw_downloads_day><version><id>128114857</id><name>sha256:255dbcc18fe19aa76883080fb645d3d8269730457a14f35b3cde4384067bd155</name><date>2024-10-08</date><newest>false</newest><latest>false</latest><size>1.4 kB</size><downloads>0</downloads><downloads_month>0</downloads_month><downloads_week>0</downloads_week><downloads_day>0</downloads_day><raw_size>1452</raw_size><raw_downloads>0</raw_downloads><raw_downloads_month>0</raw_downloads_month><raw_downloads_week>0</raw_downloads_week><raw_downloads_day>0</raw_downloads_day><tags></tags></version><version><id>128125662</id><name>sha256:2dad16c3615f30e566bf3106ae18ff0c260c1bf42ed96610f6161e7566a47f3c</name><date>2024-10-08</date><newest>true</newest><latest>false</latest><size>1.2 kB</size><downloads>2</downloads><downloads_month>0</downloads_month><downloads_week>0</downloads_week><downloads_day>0</downloads_day><raw_size>1246</raw_size><raw_downloads>2</raw_downloads><raw_downloads_month>0</raw_downloads_month><raw_downloads_week>0</raw_downloads_week><raw_downloads_day>0</raw_downloads_day><tags></tags></version></bkg>
