<?xml version="1.0" encoding="UTF-8"?><bkg><owner_type>orgs</owner_type><package_type>container</package_type><owner_id>67435213</owner_id><owner>drogue-iot</owner><repo>drogue-cloud</repo><package>test-cert-generator</package><date>2024-11-23</date><size>-1</size><versions>3</versions><tagged>3</tagged><downloads>6.3k</downloads><downloads_month>-1</downloads_month><downloads_week>-1</downloads_week><downloads_day>-1</downloads_day><raw_size>-1</raw_size><raw_versions>3</raw_versions><raw_tagged>3</raw_tagged><raw_downloads>6367</raw_downloads><raw_downloads_month>-1</raw_downloads_month><raw_downloads_week>-1</raw_downloads_week><raw_downloads_day>-1</raw_downloads_day><version><id>45591080</id><name>sha256:a38976c2961bac39d728f01840120402c21f5fd2e1f5ab4b23117d3ad0b470aa</name><date>2024-11-23</date><newest>false</newest><latest>false</latest><size>-1</size><downloads>-1</downloads><downloads_month>-1</downloads_month><downloads_week>-1</downloads_week><downloads_day>-1</downloads_day><raw_size>-1</raw_size><raw_downloads>-1</raw_downloads><raw_downloads_month>-1</raw_downloads_month><raw_downloads_week>-1</raw_downloads_week><raw_downloads_day>-1</raw_downloads_day><tags>[]</tags></version><version><id>49827834</id><name>sha256:5ca979e13ab7cbd5bffecc38d0dd746f6b662f94343fa33935eaad735a624cf8</name><date>2024-11-23</date><newest>false</newest><latest>false</latest><size>-1</size><downloads>-1</downloads><downloads_month>-1</downloads_month><downloads_week>-1</downloads_week><downloads_day>-1</downloads_day><raw_size>-1</raw_size><raw_downloads>-1</raw_downloads><raw_downloads_month>-1</raw_downloads_month><raw_downloads_week>-1</raw_downloads_week><raw_downloads_day>-1</raw_downloads_day><tags>[]</tags></version><version><id>50584896</id><name>sha256:f5e6fd78cb07d815b1fb9e6da9ec94374dceef9ab165745f6058bb28ddbabbce</name><date>2024-11-23</date><newest>true</newest><latest>true</latest><size>-1</size><downloads>-1</downloads><downloads_month>-1</downloads_month><downloads_week>-1</downloads_week><downloads_day>-1</downloads_day><raw_size>-1</raw_size><raw_downloads>-1</raw_downloads><raw_downloads_month>-1</raw_downloads_month><raw_downloads_week>-1</raw_downloads_week><raw_downloads_day>-1</raw_downloads_day><tags>0.11.0-rc1</tags></version></bkg>
