<?xml version="1.0" encoding="UTF-8"?><bkg><owner_type>orgs</owner_type><package_type>container</package_type><owner_id>67435213</owner_id><owner>drogue-iot</owner><repo>drogue-cloud</repo><package>test-cert-generator</package><date>2024-11-15</date><size>67.7 MB</size><versions>5</versions><tagged>0</tagged><downloads>6.3k</downloads><downloads_month>0</downloads_month><downloads_week>0</downloads_week><downloads_day>0</downloads_day><raw_size>67728142</raw_size><raw_versions>5</raw_versions><raw_tagged>0</raw_tagged><raw_downloads>6367</raw_downloads><raw_downloads_month>0</raw_downloads_month><raw_downloads_week>0</raw_downloads_week><raw_downloads_day>0</raw_downloads_day><version><id>46196185</id><name>sha256:d16bbc1c474ed31cc9a205c7210078edd470390cc1eecb809bd73d551eb49db2</name><date>2024-11-15</date><newest>false</newest><latest>false</latest><size>70.3 MB</size><downloads>0</downloads><downloads_month>0</downloads_month><downloads_week>0</downloads_week><downloads_day>0</downloads_day><raw_size>70306531</raw_size><raw_downloads>0</raw_downloads><raw_downloads_month>0</raw_downloads_month><raw_downloads_week>0</raw_downloads_week><raw_downloads_day>0</raw_downloads_day></version><version><id>49424468</id><name>sha256:c9b75006818e8615541d849b4426ff0dbb5ab3018e823cbf7658ba3572158fc9</name><date>2024-11-15</date><newest>false</newest><latest>false</latest><size>71 MB</size><downloads>1</downloads><downloads_month>0</downloads_month><downloads_week>0</downloads_week><downloads_day>0</downloads_day><raw_size>71081295</raw_size><raw_downloads>1</raw_downloads><raw_downloads_month>0</raw_downloads_month><raw_downloads_week>0</raw_downloads_week><raw_downloads_day>0</raw_downloads_day></version><version><id>49827834</id><name>sha256:5ca979e13ab7cbd5bffecc38d0dd746f6b662f94343fa33935eaad735a624cf8</name><date>2024-11-15</date><newest>false</newest><latest>false</latest><size>71 MB</size><downloads>0</downloads><downloads_month>0</downloads_month><downloads_week>0</downloads_week><downloads_day>0</downloads_day><raw_size>71081928</raw_size><raw_downloads>0</raw_downloads><raw_downloads_month>0</raw_downloads_month><raw_downloads_week>0</raw_downloads_week><raw_downloads_day>0</raw_downloads_day></version><version><id>49940047</id><name>sha256:a6dfa1eac88b056c5a8c579962897377483ea1ec7556b62308ae77b214ec68a6</name><date>2024-11-15</date><newest>false</newest><latest>false</latest><size>71 MB</size><downloads>0</downloads><downloads_month>0</downloads_month><downloads_week>0</downloads_week><downloads_day>0</downloads_day><raw_size>71081935</raw_size><raw_downloads>0</raw_downloads><raw_downloads_month>0</raw_downloads_month><raw_downloads_week>0</raw_downloads_week><raw_downloads_day>0</raw_downloads_day></version><version><id>52468964</id><name>sha256:d7d07ae2a6f0a20e382e2defce69da9f199d23c8e99427da11cd68402507754d</name><date>2024-11-15</date><newest>true</newest><latest>false</latest><size>67.7 MB</size><downloads>0</downloads><downloads_month>0</downloads_month><downloads_week>0</downloads_week><downloads_day>0</downloads_day><raw_size>67728142</raw_size><raw_downloads>0</raw_downloads><raw_downloads_month>0</raw_downloads_month><raw_downloads_week>0</raw_downloads_week><raw_downloads_day>0</raw_downloads_day></version></bkg>
