<?xml version="1.0" encoding="UTF-8"?><bkg><owner_type>orgs</owner_type><package_type>container</package_type><owner_id>131524</owner_id><owner>mozilla</owner><repo>test-github-features</repo><package>test-github-features</package><date>2024-11-12</date><size>-1</size><versions>4</versions><tagged>1</tagged><downloads>3.5k</downloads><downloads_month>4</downloads_month><downloads_week>0</downloads_week><downloads_day>0</downloads_day><raw_size>-1</raw_size><raw_versions>4</raw_versions><raw_tagged>1</raw_tagged><raw_downloads>3505</raw_downloads><raw_downloads_month>4</raw_downloads_month><raw_downloads_week>0</raw_downloads_week><raw_downloads_day>0</raw_downloads_day><version><id>197135023</id><name>sha256:b4a95c578fd60fefc0079beac9d8539065d261d075f373c0460ec852967737a4</name><date>2024-11-12</date><newest>false</newest><latest>false</latest><size>409.4 MB</size><downloads>13</downloads><downloads_month>7</downloads_month><downloads_week>0</downloads_week><downloads_day>0</downloads_day><raw_size>409446871</raw_size><raw_downloads>13</raw_downloads><raw_downloads_month>7</raw_downloads_month><raw_downloads_week>0</raw_downloads_week><raw_downloads_day>0</raw_downloads_day></version><version><id>197135032</id><name>sha256:d7c855607d074fdc963c957990b55304bf7d8bc83e1ba8c89432a8b0141ccf6b</name><date>2024-11-12</date><newest>false</newest><latest>false</latest><size>23 kB</size><downloads>8</downloads><downloads_month>7</downloads_month><downloads_week>0</downloads_week><downloads_day>0</downloads_day><raw_size>23062</raw_size><raw_downloads>8</raw_downloads><raw_downloads_month>7</raw_downloads_month><raw_downloads_week>0</raw_downloads_week><raw_downloads_day>0</raw_downloads_day></version><version><id>229448424</id><name>sha256:6be152a41f312a5ce868049f5675b402c173c2fd59f65b73118b15f5e38406b4</name><date>2024-11-12</date><newest>false</newest><latest>true</latest><size>-1</size><downloads>19</downloads><downloads_month>2</downloads_month><downloads_week>0</downloads_week><downloads_day>0</downloads_day><raw_size>-1</raw_size><raw_downloads>19</raw_downloads><raw_downloads_month>2</raw_downloads_month><raw_downloads_week>0</raw_downloads_week><raw_downloads_day>0</raw_downloads_day><tags>sha-a0b908f</tags></version><version><id>235225334</id><name>sha256:cc035c563d88237f5d23d6fcaba002bd589bb0779a5e6cd52cdd55ab787b56bb</name><date>2024-11-12</date><newest>true</newest><latest>false</latest><size>-1</size><downloads>13</downloads><downloads_month>2</downloads_month><downloads_week>0</downloads_week><downloads_day>0</downloads_day><raw_size>-1</raw_size><raw_downloads>13</raw_downloads><raw_downloads_month>2</raw_downloads_month><raw_downloads_week>0</raw_downloads_week><raw_downloads_day>0</raw_downloads_day></version></bkg>
