<?xml version="1.0" encoding="UTF-8"?><bkg><owner_type>orgs</owner_type><package_type>container</package_type><owner_id>131524</owner_id><owner>mozilla</owner><repo>test-github-features</repo><package>test-github-features</package><date>2024-11-06</date><size>408.5 MB</size><versions>3</versions><tagged>0</tagged><downloads>3.5k</downloads><downloads_month>11</downloads_month><downloads_week>0</downloads_week><downloads_day>0</downloads_day><raw_size>408596421</raw_size><raw_versions>3</raw_versions><raw_tagged>0</raw_tagged><raw_downloads>3505</raw_downloads><raw_downloads_month>11</raw_downloads_month><raw_downloads_week>0</raw_downloads_week><raw_downloads_day>0</raw_downloads_day><version><id>197135023</id><name>sha256:b4a95c578fd60fefc0079beac9d8539065d261d075f373c0460ec852967737a4</name><date>2024-11-06</date><newest>false</newest><latest>false</latest><size>409.4 MB</size><downloads>13</downloads><downloads_month>7</downloads_month><downloads_week>0</downloads_week><downloads_day>0</downloads_day><raw_size>409446871</raw_size><raw_downloads>13</raw_downloads><raw_downloads_month>7</raw_downloads_month><raw_downloads_week>0</raw_downloads_week><raw_downloads_day>0</raw_downloads_day></version><version><id>197135032</id><name>sha256:d7c855607d074fdc963c957990b55304bf7d8bc83e1ba8c89432a8b0141ccf6b</name><date>2024-11-06</date><newest>false</newest><latest>false</latest><size>23 kB</size><downloads>8</downloads><downloads_month>7</downloads_month><downloads_week>0</downloads_week><downloads_day>0</downloads_day><raw_size>23062</raw_size><raw_downloads>8</raw_downloads><raw_downloads_month>7</raw_downloads_month><raw_downloads_week>0</raw_downloads_week><raw_downloads_day>0</raw_downloads_day></version><version><id>235209192</id><name>sha256:7c8151c91383989b873fab3f20e1920cd54e9c6421a16981fa9593a5061e54ef</name><date>2024-11-06</date><newest>true</newest><latest>false</latest><size>408.5 MB</size><downloads>23</downloads><downloads_month>11</downloads_month><downloads_week>0</downloads_week><downloads_day>0</downloads_day><raw_size>408596421</raw_size><raw_downloads>23</raw_downloads><raw_downloads_month>11</raw_downloads_month><raw_downloads_week>0</raw_downloads_week><raw_downloads_day>0</raw_downloads_day></version></bkg>
