<?xml version="1.0" encoding="UTF-8"?><bkg><owner_type>orgs</owner_type><package_type>container</package_type><owner_id>131524</owner_id><owner>mozilla</owner><repo>test-github-features</repo><package>test-github-features</package><date>2024-10-12</date><size>408.5 MB</size><versions>4</versions><tagged>1</tagged><downloads>3.3k</downloads><downloads_month>21</downloads_month><downloads_week>7</downloads_week><downloads_day>-1</downloads_day><raw_size>408590268</raw_size><raw_versions>4</raw_versions><raw_tagged>1</raw_tagged><raw_downloads>3316</raw_downloads><raw_downloads_month>21</raw_downloads_month><raw_downloads_week>7</raw_downloads_week><raw_downloads_day>-1</raw_downloads_day><version><id>-1</id><name>latest</name><date>2024-10-12</date><newest>true</newest><latest>true</latest><size>408.5 MB</size><downloads>3.3k</downloads><downloads_month>21</downloads_month><downloads_week>7</downloads_week><downloads_day>-1</downloads_day><raw_size>408590268</raw_size><raw_downloads>3316</raw_downloads><raw_downloads_month>21</raw_downloads_month><raw_downloads_week>7</raw_downloads_week><raw_downloads_day>-1</raw_downloads_day><tags></tags></version></bkg>
