<?xml version="1.0" encoding="UTF-8"?><bkg><owner_type>users</owner_type><package_type>container</package_type><owner_id>771387</owner_id><owner>jeffmendoza</owner><repo>test-gha-versions</repo><package>test-gha-versions%2Ftest-gha-versions</package><date>2024-10-13</date><size>4.5 kB</size><versions>2</versions><tagged>1</tagged><downloads>30</downloads><downloads_month>1</downloads_month><downloads_week>0</downloads_week><downloads_day>0</downloads_day><raw_size>4542</raw_size><raw_versions>2</raw_versions><raw_tagged>1</raw_tagged><raw_downloads>30</raw_downloads><raw_downloads_month>1</raw_downloads_month><raw_downloads_week>0</raw_downloads_week><raw_downloads_day>0</raw_downloads_day><version><id>262080611</id><name>sha256:a3b1d1ccbc8acda9fe130e731a33aa11be51ee8ef97c5587fb48e0b74312f7fa</name><date>2024-10-13</date><newest>false</newest><latest>false</latest><size>1.7 MB</size><downloads>1</downloads><downloads_month>0</downloads_month><downloads_week>0</downloads_week><downloads_day>0</downloads_day><raw_size>1755152</raw_size><raw_downloads>1</raw_downloads><raw_downloads_month>0</raw_downloads_month><raw_downloads_week>0</raw_downloads_week><raw_downloads_day>0</raw_downloads_day><tags></tags></version><version><id>262209180</id><name>sha256:abaf69fb8a1d1fd7f13afa2b3f79c6a545a5d4d6931a706a2cb8a7adc7794f23</name><date>2024-10-13</date><newest>true</newest><latest>true</latest><size>4.5 kB</size><downloads>1</downloads><downloads_month>1</downloads_month><downloads_week>0</downloads_week><downloads_day>0</downloads_day><raw_size>4542</raw_size><raw_downloads>1</raw_downloads><raw_downloads_month>1</raw_downloads_month><raw_downloads_week>0</raw_downloads_week><raw_downloads_day>0</raw_downloads_day><tags>sha256-8d2a1fa2e78329d82ac4c75403606fbcd2cc937295040b1126e8e84d3ce631ed.sbom</tags></version></bkg>
