<?xml version="1.0" encoding="UTF-8"?><bkg><owner_type>users</owner_type><package_type>container</package_type><owner_id>771387</owner_id><owner>jeffmendoza</owner><repo>test-gha-versions</repo><package>test-gha-versions%2Ftest-gha-versions</package><date>2024-11-27</date><size>-1</size><versions>11</versions><tagged>6</tagged><downloads>30</downloads><downloads_month>-1</downloads_month><downloads_week>-1</downloads_week><downloads_day>-1</downloads_day><raw_size>-1</raw_size><raw_versions>11</raw_versions><raw_tagged>6</raw_tagged><raw_downloads>30</raw_downloads><raw_downloads_month>-1</raw_downloads_month><raw_downloads_week>-1</raw_downloads_week><raw_downloads_day>-1</raw_downloads_day><version><id>-1</id><name>latest</name><date>2024-11-27</date><newest>true</newest><latest>true</latest><size>-1</size><downloads>30</downloads><downloads_month>-1</downloads_month><downloads_week>-1</downloads_week><downloads_day>-1</downloads_day><raw_size>-1</raw_size><raw_downloads>30</raw_downloads><raw_downloads_month>-1</raw_downloads_month><raw_downloads_week>-1</raw_downloads_week><raw_downloads_day>-1</raw_downloads_day><tags></tags></version></bkg>
