<?xml version="1.0" encoding="UTF-8"?><bkg><owner_type>users</owner_type><package_type>container</package_type><owner_id>771387</owner_id><owner>jeffmendoza</owner><repo>test-gha-versions</repo><package>test-gha-versions%2Ftest-gha-versions</package><date>2024-10-04</date><size>1.7 MB</size><versions>5</versions><tagged>3</tagged><downloads>30</downloads><downloads_month>3</downloads_month><downloads_week>0</downloads_week><downloads_day>0</downloads_day><raw_size>1754788</raw_size><raw_versions>5</raw_versions><raw_tagged>3</raw_tagged><raw_downloads>30</raw_downloads><raw_downloads_month>3</raw_downloads_month><raw_downloads_week>0</raw_downloads_week><raw_downloads_day>0</raw_downloads_day><version><id>262080610</id><name>sha256:a979e8fc178ec14495379d1f32f07cb68376ff0492bbe65158850c0fb2b5657b</name><date>2024-10-04</date><newest>false</newest><latest>false</latest><size>4.5 kB</size><downloads>1</downloads><downloads_month>1</downloads_month><downloads_week>0</downloads_week><downloads_day>0</downloads_day><raw_size>4542</raw_size><raw_downloads>1</raw_downloads><raw_downloads_month>1</raw_downloads_month><raw_downloads_week>0</raw_downloads_week><raw_downloads_day>0</raw_downloads_day><tags>sha256-a3b1d1ccbc8acda9fe130e731a33aa11be51ee8ef97c5587fb48e0b74312f7fa.sbom</tags></version><version><id>262100954</id><name>sha256:35965a828f60d123603eebd5d5f258d28034f389c0eeac67def73fb19c6bfce5</name><date>2024-10-04</date><newest>false</newest><latest>false</latest><size>4.5 kB</size><downloads>1</downloads><downloads_month>1</downloads_month><downloads_week>0</downloads_week><downloads_day>0</downloads_day><raw_size>4542</raw_size><raw_downloads>1</raw_downloads><raw_downloads_month>1</raw_downloads_month><raw_downloads_week>0</raw_downloads_week><raw_downloads_day>0</raw_downloads_day><tags>sha256-c448b4297724a7a467fb5d22a689b2ffd598d12989ca8da604c20e209d4bd261.sbom</tags></version><version><id>262101440</id><name>sha256:3cd44c010de1a7402d24fc4584e3b74e5fa8b394a95ee667deea29f4f4e4a45f</name><date>2024-10-04</date><newest>false</newest><latest>true</latest><size>4.5 kB</size><downloads>1</downloads><downloads_month>1</downloads_month><downloads_week>0</downloads_week><downloads_day>0</downloads_day><raw_size>4542</raw_size><raw_downloads>1</raw_downloads><raw_downloads_month>1</raw_downloads_month><raw_downloads_week>0</raw_downloads_week><raw_downloads_day>0</raw_downloads_day><tags>sha256-a36070d195c8b5fdcaf9a953e7156ac7214d91356a359a3d76eb2b55ba99d829.sbom</tags></version><version><id>262209183</id><name>sha256:8d2a1fa2e78329d82ac4c75403606fbcd2cc937295040b1126e8e84d3ce631ed</name><date>2024-10-04</date><newest>false</newest><latest>false</latest><size>1.7 MB</size><downloads>0</downloads><downloads_month>0</downloads_month><downloads_week>0</downloads_week><downloads_day>0</downloads_day><raw_size>1755238</raw_size><raw_downloads>0</raw_downloads><raw_downloads_month>0</raw_downloads_month><raw_downloads_week>0</raw_downloads_week><raw_downloads_day>0</raw_downloads_day><tags></tags></version><version><id>262209951</id><name>sha256:0e1b46732c2b9685123aaaccf9707779fdeb3576047c1d14979a53b575ba8360</name><date>2024-10-04</date><newest>true</newest><latest>false</latest><size>1.7 MB</size><downloads>3</downloads><downloads_month>0</downloads_month><downloads_week>0</downloads_week><downloads_day>0</downloads_day><raw_size>1754788</raw_size><raw_downloads>3</raw_downloads><raw_downloads_month>0</raw_downloads_month><raw_downloads_week>0</raw_downloads_week><raw_downloads_day>0</raw_downloads_day><tags></tags></version></bkg>
