<?xml version="1.0" encoding="UTF-8"?><bkg><owner_type>users</owner_type><package_type>container</package_type><owner_id>771387</owner_id><owner>jeffmendoza</owner><repo>test-gha-versions</repo><package>test-gha-versions%2Ftest-gha-versions</package><date>2024-10-29</date><size>4.5 kB</size><versions>3</versions><tagged>2</tagged><downloads>30</downloads><downloads_month>0</downloads_month><downloads_week>0</downloads_week><downloads_day>0</downloads_day><raw_size>4542</raw_size><raw_versions>3</raw_versions><raw_tagged>2</raw_tagged><raw_downloads>30</raw_downloads><raw_downloads_month>0</raw_downloads_month><raw_downloads_week>0</raw_downloads_week><raw_downloads_day>0</raw_downloads_day><version><id>262082484</id><name>sha256:2d89b0c5e6fad6ff2dcb66d82255ef9ddbf78103782aa7f3424883492bc33602</name><date>2024-10-29</date><newest>false</newest><latest>false</latest><size>1.7 MB</size><downloads>1</downloads><downloads_month>0</downloads_month><downloads_week>0</downloads_week><downloads_day>0</downloads_day><raw_size>1755141</raw_size><raw_downloads>1</raw_downloads><raw_downloads_month>0</raw_downloads_month><raw_downloads_week>0</raw_downloads_week><raw_downloads_day>0</raw_downloads_day><tags></tags></version><version><id>262091574</id><name>sha256:469ea5490081864a81aaaa8076a9ff0d0f9de9917eeb61dc29daa66bdfd0ca82</name><date>2024-10-29</date><newest>false</newest><latest>false</latest><size>4.5 kB</size><downloads>1</downloads><downloads_month>0</downloads_month><downloads_week>0</downloads_week><downloads_day>0</downloads_day><raw_size>4542</raw_size><raw_downloads>1</raw_downloads><raw_downloads_month>0</raw_downloads_month><raw_downloads_week>0</raw_downloads_week><raw_downloads_day>0</raw_downloads_day><tags>sha256-dcf33745c26ced5cd037d3105b7cbd848219a8e2500ebf22ea2fa80862b7ad93.sbom</tags></version><version><id>262100954</id><name>sha256:35965a828f60d123603eebd5d5f258d28034f389c0eeac67def73fb19c6bfce5</name><date>2024-10-29</date><newest>true</newest><latest>true</latest><size>4.5 kB</size><downloads>1</downloads><downloads_month>0</downloads_month><downloads_week>0</downloads_week><downloads_day>0</downloads_day><raw_size>4542</raw_size><raw_downloads>1</raw_downloads><raw_downloads_month>0</raw_downloads_month><raw_downloads_week>0</raw_downloads_week><raw_downloads_day>0</raw_downloads_day><tags>sha256-c448b4297724a7a467fb5d22a689b2ffd598d12989ca8da604c20e209d4bd261.sbom</tags></version></bkg>
