<?xml version="1.0" encoding="UTF-8"?><bkg><owner_type>users</owner_type><package_type>container</package_type><owner_id>771387</owner_id><owner>jeffmendoza</owner><repo>test-gha-versions</repo><package>test-gha-versions%2Ftest-gha-versions</package><date>2024-11-09</date><size>1.7 MB</size><versions>5</versions><tagged>2</tagged><downloads>30</downloads><downloads_month>0</downloads_month><downloads_week>0</downloads_week><downloads_day>0</downloads_day><raw_size>1754791</raw_size><raw_versions>5</raw_versions><raw_tagged>2</raw_tagged><raw_downloads>30</raw_downloads><raw_downloads_month>0</raw_downloads_month><raw_downloads_week>0</raw_downloads_week><raw_downloads_day>0</raw_downloads_day><version><id>262082484</id><name>sha256:2d89b0c5e6fad6ff2dcb66d82255ef9ddbf78103782aa7f3424883492bc33602</name><date>2024-11-09</date><newest>false</newest><latest>false</latest><size>1.7 MB</size><downloads>1</downloads><downloads_month>0</downloads_month><downloads_week>0</downloads_week><downloads_day>0</downloads_day><raw_size>1755141</raw_size><raw_downloads>1</raw_downloads><raw_downloads_month>0</raw_downloads_month><raw_downloads_week>0</raw_downloads_week><raw_downloads_day>0</raw_downloads_day></version><version><id>262083293</id><name>sha256:bf2238c8ceb4cf68d235e6f90710f307b1f34cd0f11bfac9ce37b79e4f3918bf</name><date>2024-11-09</date><newest>false</newest><latest>false</latest><size>4.5 kB</size><downloads>1</downloads><downloads_month>0</downloads_month><downloads_week>0</downloads_week><downloads_day>0</downloads_day><raw_size>4542</raw_size><raw_downloads>1</raw_downloads><raw_downloads_month>0</raw_downloads_month><raw_downloads_week>0</raw_downloads_week><raw_downloads_day>0</raw_downloads_day><tags>sha256-ddafcce17428fa25cc0b6f0abf0718419dafbd79fa402ef4881dd2ee1089d864.sbom</tags></version><version><id>262091574</id><name>sha256:469ea5490081864a81aaaa8076a9ff0d0f9de9917eeb61dc29daa66bdfd0ca82</name><date>2024-11-09</date><newest>false</newest><latest>true</latest><size>4.5 kB</size><downloads>1</downloads><downloads_month>0</downloads_month><downloads_week>0</downloads_week><downloads_day>0</downloads_day><raw_size>4542</raw_size><raw_downloads>1</raw_downloads><raw_downloads_month>0</raw_downloads_month><raw_downloads_week>0</raw_downloads_week><raw_downloads_day>0</raw_downloads_day><tags>sha256-dcf33745c26ced5cd037d3105b7cbd848219a8e2500ebf22ea2fa80862b7ad93.sbom</tags></version><version><id>262101441</id><name>sha256:a36070d195c8b5fdcaf9a953e7156ac7214d91356a359a3d76eb2b55ba99d829</name><date>2024-11-09</date><newest>false</newest><latest>false</latest><size>1.7 MB</size><downloads>1</downloads><downloads_month>0</downloads_month><downloads_week>0</downloads_week><downloads_day>0</downloads_day><raw_size>1755232</raw_size><raw_downloads>1</raw_downloads><raw_downloads_month>0</raw_downloads_month><raw_downloads_week>0</raw_downloads_week><raw_downloads_day>0</raw_downloads_day></version><version><id>262210663</id><name>sha256:41a69aab424dd9a24becddf6cbaac295b72ea701ef7e824a6029f31efc70e7c8</name><date>2024-11-09</date><newest>true</newest><latest>false</latest><size>1.7 MB</size><downloads>2</downloads><downloads_month>0</downloads_month><downloads_week>0</downloads_week><downloads_day>0</downloads_day><raw_size>1754791</raw_size><raw_downloads>2</raw_downloads><raw_downloads_month>0</raw_downloads_month><raw_downloads_week>0</raw_downloads_week><raw_downloads_day>0</raw_downloads_day></version></bkg>
