<?xml version="1.0" encoding="UTF-8"?><bkg><owner_type>orgs</owner_type><package_type>container</package_type><owner_id>33289952</owner_id><owner>kata-containers</owner><repo>kata-containers</repo><package>test-images</package><date>2024-10-18</date><size>7.5 MB</size><versions>3</versions><tagged>2</tagged><downloads>85.3k</downloads><downloads_month>12</downloads_month><downloads_week>12</downloads_week><downloads_day>0</downloads_day><raw_size>7519143</raw_size><raw_versions>3</raw_versions><raw_tagged>2</raw_tagged><raw_downloads>85326</raw_downloads><raw_downloads_month>12</raw_downloads_month><raw_downloads_week>12</raw_downloads_week><raw_downloads_day>0</raw_downloads_day><version><id>286927426</id><name>sha256:eb53e3fc5a1de52c316e84283cb50db966855a1cf3bd092e7dacb150506600e6</name><date>2024-10-18</date><newest>false</newest><latest>false</latest><size>12.1 kB</size><downloads>0</downloads><downloads_month>0</downloads_month><downloads_week>0</downloads_week><downloads_day>0</downloads_day><raw_size>12148</raw_size><raw_downloads>0</raw_downloads><raw_downloads_month>0</raw_downloads_month><raw_downloads_week>0</raw_downloads_week><raw_downloads_day>0</raw_downloads_day><tags></tags></version><version><id>290329994</id><name>sha256:94454f969c9ce01e44eb4ab189472bd4f5fabb4d2fb3e6fdf24c0a5e940e702f</name><date>2024-10-18</date><newest>false</newest><latest>false</latest><size>14.2 MB</size><downloads>6</downloads><downloads_month>6</downloads_month><downloads_week>6</downloads_week><downloads_day>0</downloads_day><raw_size>14278667</raw_size><raw_downloads>6</raw_downloads><raw_downloads_month>6</raw_downloads_month><raw_downloads_week>6</raw_downloads_week><raw_downloads_day>0</raw_downloads_day><tags>[]</tags></version><version><id>291086260</id><name>sha256:9e118c86027812a5c370260ac263120943892eac849f8025026a1787e83eada3</name><date>2024-10-18</date><newest>true</newest><latest>true</latest><size>7.5 MB</size><downloads>6</downloads><downloads_month>6</downloads_month><downloads_week>6</downloads_week><downloads_day>0</downloads_day><raw_size>7519143</raw_size><raw_downloads>6</raw_downloads><raw_downloads_month>6</raw_downloads_month><raw_downloads_week>6</raw_downloads_week><raw_downloads_day>0</raw_downloads_day><tags>[]</tags></version></bkg>
