<?xml version="1.0" encoding="UTF-8"?><bkg><owner_type>orgs</owner_type><package_type>container</package_type><owner_id>33289952</owner_id><owner>kata-containers</owner><repo>kata-containers</repo><package>test-images</package><date>2024-10-15</date><size>12.1 kB</size><versions>1</versions><tagged>0</tagged><downloads>84.9k</downloads><downloads_month>0</downloads_month><downloads_week>0</downloads_week><downloads_day>0</downloads_day><raw_size>12148</raw_size><raw_versions>1</raw_versions><raw_tagged>0</raw_tagged><raw_downloads>84992</raw_downloads><raw_downloads_month>0</raw_downloads_month><raw_downloads_week>0</raw_downloads_week><raw_downloads_day>0</raw_downloads_day><version><id>286927426</id><name>sha256:eb53e3fc5a1de52c316e84283cb50db966855a1cf3bd092e7dacb150506600e6</name><date>2024-10-15</date><newest>true</newest><latest>false</latest><size>12.1 kB</size><downloads>0</downloads><downloads_month>0</downloads_month><downloads_week>0</downloads_week><downloads_day>0</downloads_day><raw_size>12148</raw_size><raw_downloads>0</raw_downloads><raw_downloads_month>0</raw_downloads_month><raw_downloads_week>0</raw_downloads_week><raw_downloads_day>0</raw_downloads_day><tags></tags></version></bkg>
