<?xml version="1.0" encoding="UTF-8"?><bkg><owner_type>orgs</owner_type><package_type>container</package_type><owner_id>33289952</owner_id><owner>kata-containers</owner><repo>kata-containers</repo><package>test-images</package><date>2024-11-13</date><size>-1</size><versions>14</versions><tagged>9</tagged><downloads>87.1k</downloads><downloads_month>8</downloads_month><downloads_week>8</downloads_week><downloads_day>0</downloads_day><raw_size>-1</raw_size><raw_versions>14</raw_versions><raw_tagged>9</raw_tagged><raw_downloads>87143</raw_downloads><raw_downloads_month>8</raw_downloads_month><raw_downloads_week>8</raw_downloads_week><raw_downloads_day>0</raw_downloads_day><version><id>301573584</id><name>sha256:eea6a55e7f2d46ef669da794e3541d566533db2f867878b91059c99d0dd95736</name><date>2024-11-13</date><newest>false</newest><latest>false</latest><size>-1</size><downloads>-1</downloads><downloads_month>-1</downloads_month><downloads_week>-1</downloads_week><downloads_day>-1</downloads_day><raw_size>-1</raw_size><raw_downloads>-1</raw_downloads><raw_downloads_month>-1</raw_downloads_month><raw_downloads_week>-1</raw_downloads_week><raw_downloads_day>-1</raw_downloads_day><tags>[]</tags></version><version><id>301826385</id><name>sha256:02c25e901e744e90ceb700f116e8066fb22d519affd6e2cb7f6bd6f242a29d15</name><date>2024-11-13</date><newest>false</newest><latest>false</latest><size>-1</size><downloads>-1</downloads><downloads_month>-1</downloads_month><downloads_week>-1</downloads_week><downloads_day>-1</downloads_day><raw_size>-1</raw_size><raw_downloads>-1</raw_downloads><raw_downloads_month>-1</raw_downloads_month><raw_downloads_week>-1</raw_downloads_week><raw_downloads_day>-1</raw_downloads_day><tags>[]</tags></version><version><id>302117723</id><name>sha256:06f7e41cd7abd9b5fe44f54bbd51da0d244905c7f10243365c3194e1ae8e42bd</name><date>2024-11-13</date><newest>false</newest><latest>false</latest><size>-1</size><downloads>-1</downloads><downloads_month>-1</downloads_month><downloads_week>-1</downloads_week><downloads_day>-1</downloads_day><raw_size>-1</raw_size><raw_downloads>-1</raw_downloads><raw_downloads_month>-1</raw_downloads_month><raw_downloads_week>-1</raw_downloads_week><raw_downloads_day>-1</raw_downloads_day><tags>[]</tags></version><version><id>302300046</id><name>sha256:6d1909e264d40b404e820870253a47f440d94b2fcaa4eef256d287729da6d564</name><date>2024-11-13</date><newest>false</newest><latest>false</latest><size>-1</size><downloads>-1</downloads><downloads_month>-1</downloads_month><downloads_week>-1</downloads_week><downloads_day>-1</downloads_day><raw_size>-1</raw_size><raw_downloads>-1</raw_downloads><raw_downloads_month>-1</raw_downloads_month><raw_downloads_week>-1</raw_downloads_week><raw_downloads_day>-1</raw_downloads_day><tags>[]</tags></version><version><id>302300052</id><name>sha256:4663716a08866c3802baf66f7cd470a190ad8381fa5accd1673c9e345d96ae6b</name><date>2024-11-13</date><newest>false</newest><latest>false</latest><size>-1</size><downloads>-1</downloads><downloads_month>-1</downloads_month><downloads_week>-1</downloads_week><downloads_day>-1</downloads_day><raw_size>-1</raw_size><raw_downloads>-1</raw_downloads><raw_downloads_month>-1</raw_downloads_month><raw_downloads_week>-1</raw_downloads_week><raw_downloads_day>-1</raw_downloads_day><tags>[]</tags></version><version><id>302647180</id><name>sha256:a036eb57aa2cec964e6afee9a7aa7ea65b8422edf62dbf07b13f0ffb8e1926ea</name><date>2024-11-13</date><newest>false</newest><latest>false</latest><size>-1</size><downloads>-1</downloads><downloads_month>-1</downloads_month><downloads_week>-1</downloads_week><downloads_day>-1</downloads_day><raw_size>-1</raw_size><raw_downloads>-1</raw_downloads><raw_downloads_month>-1</raw_downloads_month><raw_downloads_week>-1</raw_downloads_week><raw_downloads_day>-1</raw_downloads_day><tags>unencrypted-10511</tags></version><version><id>302682769</id><name>sha256:cc5bf1da5d2d9ae43acc74ad144eb8154597ce431650659e24ebf86dd81e08d0</name><date>2024-11-13</date><newest>false</newest><latest>false</latest><size>-1</size><downloads>-1</downloads><downloads_month>-1</downloads_month><downloads_week>-1</downloads_week><downloads_day>-1</downloads_day><raw_size>-1</raw_size><raw_downloads>-1</raw_downloads><raw_downloads_month>-1</raw_downloads_month><raw_downloads_week>-1</raw_downloads_week><raw_downloads_day>-1</raw_downloads_day><tags>[]</tags></version><version><id>302682776</id><name>sha256:fef9c0db4ef0ac5fead9067cc31688a9657ff87eba91b03657bb5ca564df7d74</name><date>2024-11-13</date><newest>false</newest><latest>false</latest><size>-1</size><downloads>-1</downloads><downloads_month>-1</downloads_month><downloads_week>-1</downloads_week><downloads_day>-1</downloads_day><raw_size>-1</raw_size><raw_downloads>-1</raw_downloads><raw_downloads_month>-1</raw_downloads_month><raw_downloads_week>-1</raw_downloads_week><raw_downloads_day>-1</raw_downloads_day><tags>[]</tags></version><version><id>302682788</id><name>sha256:3d6e70275ae2af0b0c91fa1d43b978afc799af62b3d3e0361a978c8030099fe3</name><date>2024-11-13</date><newest>false</newest><latest>true</latest><size>-1</size><downloads>-1</downloads><downloads_month>-1</downloads_month><downloads_week>-1</downloads_week><downloads_day>-1</downloads_day><raw_size>-1</raw_size><raw_downloads>-1</raw_downloads><raw_downloads_month>-1</raw_downloads_month><raw_downloads_week>-1</raw_downloads_week><raw_downloads_day>-1</raw_downloads_day><tags>unencrypted-10513</tags></version><version><id>304077521</id><name>sha256:eaab4e400c4251969dba2d38cc6e6706699804e6e026b652c347c678b701ddf0</name><date>2024-11-13</date><newest>false</newest><latest>false</latest><size>7.5 MB</size><downloads>4</downloads><downloads_month>4</downloads_month><downloads_week>4</downloads_week><downloads_day>0</downloads_day><raw_size>7520841</raw_size><raw_downloads>4</raw_downloads><raw_downloads_month>4</raw_downloads_month><raw_downloads_week>4</raw_downloads_week><raw_downloads_day>0</raw_downloads_day></version><version><id>304270063</id><name>sha256:f729ddf45e1c93858cd247623b9833284142289b8a18267957f720a3abedd63e</name><date>2024-11-13</date><newest>false</newest><latest>false</latest><size>7.5 MB</size><downloads>4</downloads><downloads_month>4</downloads_month><downloads_week>4</downloads_week><downloads_day>0</downloads_day><raw_size>7520849</raw_size><raw_downloads>4</raw_downloads><raw_downloads_month>4</raw_downloads_month><raw_downloads_week>4</raw_downloads_week><raw_downloads_day>0</raw_downloads_day></version><version><id>304375556</id><name>sha256:999b51d6dc613f50250b75726c15d3f716ad8217cbc5cce214c101c1c5599492</name><date>2024-11-13</date><newest>false</newest><latest>false</latest><size>12 kB</size><downloads>0</downloads><downloads_month>0</downloads_month><downloads_week>0</downloads_week><downloads_day>0</downloads_day><raw_size>12007</raw_size><raw_downloads>0</raw_downloads><raw_downloads_month>0</raw_downloads_month><raw_downloads_week>0</raw_downloads_week><raw_downloads_day>0</raw_downloads_day></version><version><id>304658035</id><name>sha256:6a5e2fc8916efe091a228b9a79b57ec406e7a240f6e6cb6c82506cee8cff70fd</name><date>2024-11-13</date><newest>false</newest><latest>false</latest><size>12 kB</size><downloads>0</downloads><downloads_month>0</downloads_month><downloads_week>0</downloads_week><downloads_day>0</downloads_day><raw_size>12008</raw_size><raw_downloads>0</raw_downloads><raw_downloads_month>0</raw_downloads_month><raw_downloads_week>0</raw_downloads_week><raw_downloads_day>0</raw_downloads_day></version><version><id>304658039</id><name>sha256:7e9c2aaf7de9abda1cbff0f2838c232d5a0c268fd9445cd4207ee6c5501886fa</name><date>2024-11-13</date><newest>true</newest><latest>false</latest><size>-1</size><downloads>0</downloads><downloads_month>0</downloads_month><downloads_week>0</downloads_week><downloads_day>0</downloads_day><raw_size>-1</raw_size><raw_downloads>0</raw_downloads><raw_downloads_month>0</raw_downloads_month><raw_downloads_week>0</raw_downloads_week><raw_downloads_day>0</raw_downloads_day></version></bkg>
