<?xml version="1.0" encoding="UTF-8"?><bkg><owner_type>orgs</owner_type><package_type>container</package_type><owner_id>33289952</owner_id><owner>kata-containers</owner><repo>kata-containers</repo><package>test-images</package><date>2024-11-26</date><size>12 kB</size><versions>20</versions><tagged>10</tagged><downloads>87.6k</downloads><downloads_month>8</downloads_month><downloads_week>8</downloads_week><downloads_day>4</downloads_day><raw_size>12025</raw_size><raw_versions>20</raw_versions><raw_tagged>10</raw_tagged><raw_downloads>87659</raw_downloads><raw_downloads_month>8</raw_downloads_month><raw_downloads_week>8</raw_downloads_week><raw_downloads_day>4</raw_downloads_day><version><id>-1</id><name>latest</name><date>2024-11-26</date><newest>true</newest><latest>true</latest><size>12 kB</size><downloads>87.6k</downloads><downloads_month>8</downloads_month><downloads_week>8</downloads_week><downloads_day>4</downloads_day><raw_size>12025</raw_size><raw_downloads>87659</raw_downloads><raw_downloads_month>8</raw_downloads_month><raw_downloads_week>8</raw_downloads_week><raw_downloads_day>4</raw_downloads_day><tags></tags></version></bkg>
