<?xml version="1.0" encoding="UTF-8"?><xml><owner_type>users</owner_type><package_type>container</package_type><owner_id>7810770</owner_id><owner>sjinks</owner><repo>test-cs-images</repo><package>test-cs-images%2Fwp-latest-php8</package><date>2024-12-25</date><size>270.8 MB</size><versions>3</versions><tagged>0</tagged><downloads>331</downloads><downloads_month>0</downloads_month><downloads_week>0</downloads_week><downloads_day>0</downloads_day><raw_size>270887805</raw_size><raw_versions>3</raw_versions><raw_tagged>0</raw_tagged><raw_downloads>331</raw_downloads><raw_downloads_month>0</raw_downloads_month><raw_downloads_week>0</raw_downloads_week><raw_downloads_day>0</raw_downloads_day><version><id>79180127</id><name>sha256:054125a7e71d9aea143b531457cbe3280dc9a32044dfcb4b3ab8fe5c8ac11d81</name><date>2024-12-25</date><newest>false</newest><latest>false</latest><size>270.8 MB</size><downloads>0</downloads><downloads_month>0</downloads_month><downloads_week>0</downloads_week><downloads_day>0</downloads_day><raw_size>270885009</raw_size><raw_downloads>0</raw_downloads><raw_downloads_month>0</raw_downloads_month><raw_downloads_week>0</raw_downloads_week><raw_downloads_day>0</raw_downloads_day></version><version><id>79194122</id><name>sha256:8956a3d577036949584ee6a1cae85caf7f6000df5d624973163cd5c88b95b6ce</name><date>2024-12-25</date><newest>false</newest><latest>false</latest><size>2.3 kB</size><downloads>0</downloads><downloads_month>0</downloads_month><downloads_week>0</downloads_week><downloads_day>0</downloads_day><raw_size>2327</raw_size><raw_downloads>0</raw_downloads><raw_downloads_month>0</raw_downloads_month><raw_downloads_week>0</raw_downloads_week><raw_downloads_day>0</raw_downloads_day></version><version><id>79197252</id><name>sha256:06bd2a92feb25a363c1b587b72a0565566c34d76f7ef7fa7ccb01e453ffc9d28</name><date>2024-12-25</date><newest>true</newest><latest>false</latest><size>270.8 MB</size><downloads>15</downloads><downloads_month>0</downloads_month><downloads_week>0</downloads_week><downloads_day>0</downloads_day><raw_size>270887805</raw_size><raw_downloads>15</raw_downloads><raw_downloads_month>0</raw_downloads_month><raw_downloads_week>0</raw_downloads_week><raw_downloads_day>0</raw_downloads_day></version></xml>
