<?xml version="1.0" encoding="UTF-8"?><xml><owner_type>users</owner_type><package_type>container</package_type><owner_id>7810770</owner_id><owner>sjinks</owner><repo>test-cs-images</repo><package>test-cs-images%2Fdev-tools</package><date>2024-12-06</date><size>-1</size><versions>1</versions><tagged>1</tagged><downloads>850</downloads><downloads_month>2</downloads_month><downloads_week>0</downloads_week><downloads_day>0</downloads_day><raw_size>-1</raw_size><raw_versions>1</raw_versions><raw_tagged>1</raw_tagged><raw_downloads>850</raw_downloads><raw_downloads_month>2</raw_downloads_month><raw_downloads_week>0</raw_downloads_week><raw_downloads_day>0</raw_downloads_day><version><id>76703744</id><name>sha256:c072c667842f3d520eca6044570b51c3c5b427eef8c1f567cadf7925116a0e9a</name><date>2024-12-06</date><newest>true</newest><latest>true</latest><size>-1</size><downloads>693</downloads><downloads_month>2</downloads_month><downloads_week>0</downloads_week><downloads_day>0</downloads_day><raw_size>-1</raw_size><raw_downloads>693</raw_downloads><raw_downloads_month>2</raw_downloads_month><raw_downloads_week>0</raw_downloads_week><raw_downloads_day>0</raw_downloads_day><tags>1.0.1</tags><tags>latest</tags><tags>1.0</tags><tags>1</tags></version></xml>
