<?xml version="1.0" encoding="UTF-8"?><bkg><owner_type>users</owner_type><package_type>container</package_type><owner_id>7810770</owner_id><owner>sjinks</owner><repo>test-cs-images</repo><package>test-cs-images%2Falpine-base</package><date>2024-10-24</date><size>2.2 kB</size><versions>10</versions><tagged>0</tagged><downloads>1.8k</downloads><downloads_month>1</downloads_month><downloads_week>0</downloads_week><downloads_day>0</downloads_day><raw_size>2284</raw_size><raw_versions>10</raw_versions><raw_tagged>0</raw_tagged><raw_downloads>1888</raw_downloads><raw_downloads_month>1</raw_downloads_month><raw_downloads_week>0</raw_downloads_week><raw_downloads_day>0</raw_downloads_day><version><id>79176540</id><name>sha256:70dea7306101274fc95aef1d80e356b406993d0ef634b7887b2aacad0fab5536</name><date>2024-10-24</date><newest>false</newest><latest>false</latest><size>-1</size><downloads>4</downloads><downloads_month>0</downloads_month><downloads_week>0</downloads_week><downloads_day>0</downloads_day><raw_size>-1</raw_size><raw_downloads>4</raw_downloads><raw_downloads_month>0</raw_downloads_month><raw_downloads_week>0</raw_downloads_week><raw_downloads_day>0</raw_downloads_day><tags></tags></version><version><id>79178379</id><name>sha256:372a30c28a0559b34463a9efb8ae8bb9b1e5de8f5fa77a1fed2e531137f42324</name><date>2024-10-24</date><newest>false</newest><latest>false</latest><size>2.2 kB</size><downloads>0</downloads><downloads_month>0</downloads_month><downloads_week>0</downloads_week><downloads_day>0</downloads_day><raw_size>2284</raw_size><raw_downloads>0</raw_downloads><raw_downloads_month>0</raw_downloads_month><raw_downloads_week>0</raw_downloads_week><raw_downloads_day>0</raw_downloads_day><tags></tags></version><version><id>79179309</id><name>sha256:ac989e2d1af60e204bbc4dc728fb2b03f0941b0d2fc7815145ae7e52a40e7f63</name><date>2024-10-24</date><newest>false</newest><latest>false</latest><size>2.2 kB</size><downloads>0</downloads><downloads_month>0</downloads_month><downloads_week>0</downloads_week><downloads_day>0</downloads_day><raw_size>2284</raw_size><raw_downloads>0</raw_downloads><raw_downloads_month>0</raw_downloads_month><raw_downloads_week>0</raw_downloads_week><raw_downloads_day>0</raw_downloads_day><tags></tags></version><version><id>79183048</id><name>sha256:cb18464f3fea3b96e39000c8fc3dc345260b5277d1082ff5a2c9ddf487bce16f</name><date>2024-10-24</date><newest>false</newest><latest>false</latest><size>40.3 MB</size><downloads>1</downloads><downloads_month>0</downloads_month><downloads_week>0</downloads_week><downloads_day>0</downloads_day><raw_size>40303107</raw_size><raw_downloads>1</raw_downloads><raw_downloads_month>0</raw_downloads_month><raw_downloads_week>0</raw_downloads_week><raw_downloads_day>0</raw_downloads_day><tags></tags></version><version><id>79186584</id><name>sha256:d5c07cc3e58754ce49c204f50e2f4ff452c5c8a842e3bfa31ec9ec5ae64c2edf</name><date>2024-10-24</date><newest>false</newest><latest>false</latest><size>2.2 kB</size><downloads>0</downloads><downloads_month>0</downloads_month><downloads_week>0</downloads_week><downloads_day>0</downloads_day><raw_size>2284</raw_size><raw_downloads>0</raw_downloads><raw_downloads_month>0</raw_downloads_month><raw_downloads_week>0</raw_downloads_week><raw_downloads_day>0</raw_downloads_day><tags></tags></version><version><id>79187474</id><name>sha256:1f4b5baed0733157640ff552ac23ad44f2571ec34f9950a2d313091de5ffcddf</name><date>2024-10-24</date><newest>false</newest><latest>false</latest><size>2.2 kB</size><downloads>0</downloads><downloads_month>0</downloads_month><downloads_week>0</downloads_week><downloads_day>0</downloads_day><raw_size>2284</raw_size><raw_downloads>0</raw_downloads><raw_downloads_month>0</raw_downloads_month><raw_downloads_week>0</raw_downloads_week><raw_downloads_day>0</raw_downloads_day><tags></tags></version><version><id>79187478</id><name>sha256:c45d8169481093667230cf5fb00bd1252a657e1462d2e9648c90d4421da347de</name><date>2024-10-24</date><newest>false</newest><latest>false</latest><size>2.2 kB</size><downloads>0</downloads><downloads_month>0</downloads_month><downloads_week>0</downloads_week><downloads_day>0</downloads_day><raw_size>2284</raw_size><raw_downloads>0</raw_downloads><raw_downloads_month>0</raw_downloads_month><raw_downloads_week>0</raw_downloads_week><raw_downloads_day>0</raw_downloads_day><tags></tags></version><version><id>79195073</id><name>sha256:d4ad4cc1cd87ce5a23bc152b0749ef9f7c0eaa68608a0366c1b2cbcd2a283c61</name><date>2024-10-24</date><newest>false</newest><latest>false</latest><size>40.3 MB</size><downloads>1</downloads><downloads_month>0</downloads_month><downloads_week>0</downloads_week><downloads_day>0</downloads_day><raw_size>40303397</raw_size><raw_downloads>1</raw_downloads><raw_downloads_month>0</raw_downloads_month><raw_downloads_week>0</raw_downloads_week><raw_downloads_day>0</raw_downloads_day><tags></tags></version><version><id>79195786</id><name>sha256:f7d163b7feddbb7c0623e534b444d1f9e222b0b4f5caeb328c8892e84648cb3c</name><date>2024-10-24</date><newest>false</newest><latest>false</latest><size>40.4 MB</size><downloads>15</downloads><downloads_month>1</downloads_month><downloads_week>0</downloads_week><downloads_day>0</downloads_day><raw_size>40478431</raw_size><raw_downloads>15</raw_downloads><raw_downloads_month>1</raw_downloads_month><raw_downloads_week>0</raw_downloads_week><raw_downloads_day>0</raw_downloads_day><tags></tags></version><version><id>79195790</id><name>sha256:ea4c2b271c28db97bae685e184f8caa76543c7865d046c47021c5be8da5fc59e</name><date>2024-10-24</date><newest>true</newest><latest>false</latest><size>2.2 kB</size><downloads>5</downloads><downloads_month>0</downloads_month><downloads_week>0</downloads_week><downloads_day>0</downloads_day><raw_size>2284</raw_size><raw_downloads>5</raw_downloads><raw_downloads_month>0</raw_downloads_month><raw_downloads_week>0</raw_downloads_week><raw_downloads_day>0</raw_downloads_day><tags></tags></version></bkg>
