<?xml version="1.0" encoding="UTF-8"?><bkg><owner_type>users</owner_type><package_type>container</package_type><owner_id>7810770</owner_id><owner>sjinks</owner><repo>test-cs-images</repo><package>test-cs-images%2Fmc</package><date>2024-11-02</date><size>-1</size><versions>0</versions><tagged>1</tagged><downloads>859</downloads><downloads_month>2</downloads_month><downloads_week>1</downloads_week><downloads_day>0</downloads_day><raw_size>-1</raw_size><raw_versions>0</raw_versions><raw_tagged>1</raw_tagged><raw_downloads>859</raw_downloads><raw_downloads_month>2</raw_downloads_month><raw_downloads_week>1</raw_downloads_week><raw_downloads_day>0</raw_downloads_day><version><id>76682225</id><name>sha256:15a5f420782b6e451743dadc06734e77bbdd5dba809b3452a953d46b0a020bb8</name><date>2024-11-02</date><newest>true</newest><latest>true</latest><size>-1</size><downloads>703</downloads><downloads_month>2</downloads_month><downloads_week>1</downloads_week><downloads_day>0</downloads_day><raw_size>-1</raw_size><raw_downloads>703</raw_downloads><raw_downloads_month>2</raw_downloads_month><raw_downloads_week>1</raw_downloads_week><raw_downloads_day>0</raw_downloads_day><tags>1.0.1</tags><tags>latest</tags><tags>1.0</tags><tags>1</tags></version></bkg>
