<?xml version="1.0" encoding="UTF-8"?><bkg><owner_type>users</owner_type><package_type>container</package_type><owner_id>7810770</owner_id><owner>sjinks</owner><repo>test-cs-images</repo><package>test-cs-images%2Fwordpress</package><date>2024-11-09</date><size>-1</size><versions>4</versions><tagged>4</tagged><downloads>2.5k</downloads><downloads_month>0</downloads_month><downloads_week>0</downloads_week><downloads_day>0</downloads_day><raw_size>-1</raw_size><raw_versions>4</raw_versions><raw_tagged>4</raw_tagged><raw_downloads>2562</raw_downloads><raw_downloads_month>0</raw_downloads_month><raw_downloads_week>0</raw_downloads_week><raw_downloads_day>0</raw_downloads_day><version><id>76667762</id><name>sha256:43d76e124db7f59ae7bf93cc8ea91a2b90ac51bcc5f568a263a5aa9a790ed185</name><date>2024-11-09</date><newest>false</newest><latest>false</latest><size>-1</size><downloads>146</downloads><downloads_month>0</downloads_month><downloads_week>0</downloads_week><downloads_day>0</downloads_day><raw_size>-1</raw_size><raw_downloads>146</raw_downloads><raw_downloads_month>0</raw_downloads_month><raw_downloads_week>0</raw_downloads_week><raw_downloads_day>0</raw_downloads_day><tags>1.0.0</tags></version><version><id>76676900</id><name>sha256:1c4066ccab6b84b05576cf417c401f00a326af624398e2a0b8b9e2f028617b73</name><date>2024-11-09</date><newest>false</newest><latest>false</latest><size>-1</size><downloads>311</downloads><downloads_month>0</downloads_month><downloads_week>0</downloads_week><downloads_day>0</downloads_day><raw_size>-1</raw_size><raw_downloads>311</raw_downloads><raw_downloads_month>0</raw_downloads_month><raw_downloads_week>0</raw_downloads_week><raw_downloads_day>0</raw_downloads_day><tags>1.0.2</tags><tags>1.0</tags></version><version><id>76702866</id><name>sha256:26cc16c5e7288e892ba02d6f645a40300980b03e4f54d339d20803767562ca24</name><date>2024-11-09</date><newest>false</newest><latest>false</latest><size>-1</size><downloads>147</downloads><downloads_month>0</downloads_month><downloads_week>0</downloads_week><downloads_day>0</downloads_day><raw_size>-1</raw_size><raw_downloads>147</raw_downloads><raw_downloads_month>0</raw_downloads_month><raw_downloads_week>0</raw_downloads_week><raw_downloads_day>0</raw_downloads_day><tags>1.1.0</tags></version><version><id>77213147</id><name>sha256:d16f412b6621bea56b1324aec82c79e31344cb4976c999662883cf9b41d23dbe</name><date>2024-11-09</date><newest>true</newest><latest>true</latest><size>-1</size><downloads>153</downloads><downloads_month>0</downloads_month><downloads_week>0</downloads_week><downloads_day>0</downloads_day><raw_size>-1</raw_size><raw_downloads>153</raw_downloads><raw_downloads_month>0</raw_downloads_month><raw_downloads_week>0</raw_downloads_week><raw_downloads_day>0</raw_downloads_day><tags>1.1.6</tags></version></bkg>
