<?xml version="1.0" encoding="UTF-8"?><bkg><owner_type>users</owner_type><package_type>container</package_type><owner_id>7810770</owner_id><owner>sjinks</owner><repo>test-cs-images</repo><package>test-cs-images%2Fmailhog</package><date>2024-10-13</date><size>-1</size><versions>2</versions><tagged>2</tagged><downloads>988</downloads><downloads_month>5</downloads_month><downloads_week>0</downloads_week><downloads_day>0</downloads_day><raw_size>-1</raw_size><raw_versions>2</raw_versions><raw_tagged>2</raw_tagged><raw_downloads>988</raw_downloads><raw_downloads_month>5</raw_downloads_month><raw_downloads_week>0</raw_downloads_week><raw_downloads_day>0</raw_downloads_day><version><id>76667758</id><name>sha256:03c6062168061074915bda7281fbe592f582e45a82d268ff99d24c613f6d3b8b</name><date>2024-10-13</date><newest>false</newest><latest>false</latest><size>-1</size><downloads>150</downloads><downloads_month>1</downloads_month><downloads_week>0</downloads_week><downloads_day>0</downloads_day><raw_size>-1</raw_size><raw_downloads>150</raw_downloads><raw_downloads_month>1</raw_downloads_month><raw_downloads_week>0</raw_downloads_week><raw_downloads_day>0</raw_downloads_day><tags>1.0.0</tags></version><version><id>76686295</id><name>sha256:575455f2c6ed1fae8a014875c4b232141f1e0cdbd39fba8c8c6a6dcf10f3c495</name><date>2024-10-13</date><newest>true</newest><latest>true</latest><size>-1</size><downloads>681</downloads><downloads_month>4</downloads_month><downloads_week>0</downloads_week><downloads_day>0</downloads_day><raw_size>-1</raw_size><raw_downloads>681</raw_downloads><raw_downloads_month>4</raw_downloads_month><raw_downloads_week>0</raw_downloads_week><raw_downloads_day>0</raw_downloads_day><tags>1.0.2</tags><tags>latest</tags><tags>1.0</tags><tags>1</tags></version></bkg>
