<?xml version="1.0" encoding="UTF-8"?><bkg><owner_type>users</owner_type><package_type>container</package_type><owner_id>7810770</owner_id><owner>sjinks</owner><repo>test-cs-images</repo><package>test-cs-images%2Falpine-base</package><date>2024-11-11</date><size>40.3 MB</size><versions>2</versions><tagged>0</tagged><downloads>1.8k</downloads><downloads_month>0</downloads_month><downloads_week>0</downloads_week><downloads_day>0</downloads_day><raw_size>40303406</raw_size><raw_versions>2</raw_versions><raw_tagged>0</raw_tagged><raw_downloads>1892</raw_downloads><raw_downloads_month>0</raw_downloads_month><raw_downloads_week>0</raw_downloads_week><raw_downloads_day>0</raw_downloads_day><version><id>79179302</id><name>sha256:58bae319647440fea9464123c687bb6fb70b2f795b5a00eefeb1d9fbdcdb75b6</name><date>2024-11-11</date><newest>false</newest><latest>false</latest><size>40.3 MB</size><downloads>1</downloads><downloads_month>0</downloads_month><downloads_week>0</downloads_week><downloads_day>0</downloads_day><raw_size>40303034</raw_size><raw_downloads>1</raw_downloads><raw_downloads_month>0</raw_downloads_month><raw_downloads_week>0</raw_downloads_week><raw_downloads_day>0</raw_downloads_day></version><version><id>79187475</id><name>sha256:97d5d03641404c7fbde6a15072759df3d162e72b1867ded46d30ebfb96ba27c7</name><date>2024-11-11</date><newest>true</newest><latest>false</latest><size>40.3 MB</size><downloads>1</downloads><downloads_month>0</downloads_month><downloads_week>0</downloads_week><downloads_day>0</downloads_day><raw_size>40303406</raw_size><raw_downloads>1</raw_downloads><raw_downloads_month>0</raw_downloads_month><raw_downloads_week>0</raw_downloads_week><raw_downloads_day>0</raw_downloads_day></version></bkg>
