<?xml version="1.0" encoding="UTF-8"?><bkg><owner_type>users</owner_type><package_type>container</package_type><owner_id>7810770</owner_id><owner>sjinks</owner><repo>test-cs-images</repo><package>test-cs-images%2Felasticsearch</package><date>2024-11-14</date><size>-1</size><versions>1</versions><tagged>1</tagged><downloads>1.4k</downloads><downloads_month>0</downloads_month><downloads_week>0</downloads_week><downloads_day>0</downloads_day><raw_size>-1</raw_size><raw_versions>1</raw_versions><raw_tagged>1</raw_tagged><raw_downloads>1404</raw_downloads><raw_downloads_month>0</raw_downloads_month><raw_downloads_week>0</raw_downloads_week><raw_downloads_day>0</raw_downloads_day><version><id>79182943</id><name>sha256:e08215155a6e0292eeb54f6461c527015b5361999e839fca6ab74cb480a30525</name><date>2024-11-14</date><newest>true</newest><latest>true</latest><size>-1</size><downloads>154</downloads><downloads_month>0</downloads_month><downloads_week>0</downloads_week><downloads_day>0</downloads_day><raw_size>-1</raw_size><raw_downloads>154</raw_downloads><raw_downloads_month>0</raw_downloads_month><raw_downloads_week>0</raw_downloads_week><raw_downloads_day>0</raw_downloads_day><tags>1.0.3</tags></version></bkg>
