<?xml version="1.0" encoding="UTF-8"?><bkg><owner_type>users</owner_type><package_type>container</package_type><owner_id>7810770</owner_id><owner>sjinks</owner><repo>test-cs-images</repo><package>test-cs-images%2Fmariadb</package><date>2024-10-16</date><size>-1</size><versions>4</versions><tagged>4</tagged><downloads>2k</downloads><downloads_month>0</downloads_month><downloads_week>0</downloads_week><downloads_day>0</downloads_day><raw_size>-1</raw_size><raw_versions>4</raw_versions><raw_tagged>4</raw_tagged><raw_downloads>2068</raw_downloads><raw_downloads_month>0</raw_downloads_month><raw_downloads_week>0</raw_downloads_week><raw_downloads_day>0</raw_downloads_day><version><id>76671737</id><name>sha256:5b5ddb9e7ed814c8b7fa0e2e4bc9f1584755ec05b7d952dfeb735593e1c4105a</name><date>2024-10-16</date><newest>false</newest><latest>false</latest><size>-1</size><downloads>152</downloads><downloads_month>0</downloads_month><downloads_week>0</downloads_week><downloads_day>0</downloads_day><raw_size>-1</raw_size><raw_downloads>152</raw_downloads><raw_downloads_month>0</raw_downloads_month><raw_downloads_week>0</raw_downloads_week><raw_downloads_day>0</raw_downloads_day><tags>1.0.0</tags></version><version><id>76677900</id><name>sha256:ee67a4d7071d3d6ddad27ababd83e49258cb8f2b89ac963361fb28c82237d8f1</name><date>2024-10-16</date><newest>false</newest><latest>false</latest><size>-1</size><downloads>153</downloads><downloads_month>0</downloads_month><downloads_week>0</downloads_week><downloads_day>0</downloads_day><raw_size>-1</raw_size><raw_downloads>153</raw_downloads><raw_downloads_month>0</raw_downloads_month><raw_downloads_week>0</raw_downloads_week><raw_downloads_day>0</raw_downloads_day><tags>1.0.2</tags></version><version><id>76680504</id><name>sha256:d3c663811066403571044ec03c2ba2e22181166d61b482d0c96e35e184d1c2fc</name><date>2024-10-16</date><newest>false</newest><latest>false</latest><size>-1</size><downloads>153</downloads><downloads_month>0</downloads_month><downloads_week>0</downloads_week><downloads_day>0</downloads_day><raw_size>-1</raw_size><raw_downloads>153</raw_downloads><raw_downloads_month>0</raw_downloads_month><raw_downloads_week>0</raw_downloads_week><raw_downloads_day>0</raw_downloads_day><tags>1.0.4</tags></version><version><id>76681174</id><name>sha256:28f74fb208b0152f6818b8296bd5051397e508b41e85c60830a288d8166d4663</name><date>2024-10-16</date><newest>true</newest><latest>true</latest><size>-1</size><downloads>153</downloads><downloads_month>0</downloads_month><downloads_week>0</downloads_week><downloads_day>0</downloads_day><raw_size>-1</raw_size><raw_downloads>153</raw_downloads><raw_downloads_month>0</raw_downloads_month><raw_downloads_week>0</raw_downloads_week><raw_downloads_day>0</raw_downloads_day><tags>1.0.5</tags></version></bkg>
