<?xml version="1.0" encoding="UTF-8"?><bkg><owner_type>users</owner_type><package_type>container</package_type><owner_id>7810770</owner_id><owner>sjinks</owner><repo>test-cs-images</repo><package>test-cs-images%2Fmemcached</package><date>2024-11-11</date><size>-1</size><versions>1</versions><tagged>1</tagged><downloads>1.3k</downloads><downloads_month>-1</downloads_month><downloads_week>-1</downloads_week><downloads_day>-1</downloads_day><raw_size>-1</raw_size><raw_versions>1</raw_versions><raw_tagged>1</raw_tagged><raw_downloads>1353</raw_downloads><raw_downloads_month>-1</raw_downloads_month><raw_downloads_week>-1</raw_downloads_week><raw_downloads_day>-1</raw_downloads_day><version><id>76672711</id><name>sha256:c517d9ddd66f77f3ac5788103bef9c0f1645fd15138746ee19a6cab0e4f19396</name><date>2024-11-11</date><newest>true</newest><latest>true</latest><size>-1</size><downloads>162</downloads><downloads_month>0</downloads_month><downloads_week>0</downloads_week><downloads_day>0</downloads_day><raw_size>-1</raw_size><raw_downloads>162</raw_downloads><raw_downloads_month>0</raw_downloads_month><raw_downloads_week>0</raw_downloads_week><raw_downloads_day>0</raw_downloads_day><tags>1.0.1</tags></version></bkg>
