<?xml version="1.0" encoding="UTF-8"?><bkg><owner_type>users</owner_type><package_type>container</package_type><owner_id>7810770</owner_id><owner>sjinks</owner><repo>test-cs-images</repo><package>test-cs-images%2Falpine-base</package><date>2024-10-24</date><size>2.2 kB</size><versions>3</versions><tagged>0</tagged><downloads>1.8k</downloads><downloads_month>0</downloads_month><downloads_week>0</downloads_week><downloads_day>0</downloads_day><raw_size>2284</raw_size><raw_versions>3</raw_versions><raw_tagged>0</raw_tagged><raw_downloads>1888</raw_downloads><raw_downloads_month>0</raw_downloads_month><raw_downloads_week>0</raw_downloads_week><raw_downloads_day>0</raw_downloads_day><version><id>79179309</id><name>sha256:ac989e2d1af60e204bbc4dc728fb2b03f0941b0d2fc7815145ae7e52a40e7f63</name><date>2024-10-24</date><newest>false</newest><latest>false</latest><size>2.2 kB</size><downloads>0</downloads><downloads_month>0</downloads_month><downloads_week>0</downloads_week><downloads_day>0</downloads_day><raw_size>2284</raw_size><raw_downloads>0</raw_downloads><raw_downloads_month>0</raw_downloads_month><raw_downloads_week>0</raw_downloads_week><raw_downloads_day>0</raw_downloads_day><tags></tags></version><version><id>79186584</id><name>sha256:d5c07cc3e58754ce49c204f50e2f4ff452c5c8a842e3bfa31ec9ec5ae64c2edf</name><date>2024-10-24</date><newest>false</newest><latest>false</latest><size>2.2 kB</size><downloads>0</downloads><downloads_month>0</downloads_month><downloads_week>0</downloads_week><downloads_day>0</downloads_day><raw_size>2284</raw_size><raw_downloads>0</raw_downloads><raw_downloads_month>0</raw_downloads_month><raw_downloads_week>0</raw_downloads_week><raw_downloads_day>0</raw_downloads_day><tags></tags></version><version><id>79187474</id><name>sha256:1f4b5baed0733157640ff552ac23ad44f2571ec34f9950a2d313091de5ffcddf</name><date>2024-10-24</date><newest>true</newest><latest>false</latest><size>2.2 kB</size><downloads>0</downloads><downloads_month>0</downloads_month><downloads_week>0</downloads_week><downloads_day>0</downloads_day><raw_size>2284</raw_size><raw_downloads>0</raw_downloads><raw_downloads_month>0</raw_downloads_month><raw_downloads_week>0</raw_downloads_week><raw_downloads_day>0</raw_downloads_day><tags></tags></version></bkg>
